{"uid":"6f3c498964464cc1","name":"User should not be able to create build type with id exceeding the limit","fullName":"com.teamcity.api.BuildTypeTest.userCreatesBuildTypeWithIdExceedingLimitTest","historyId":"8b653155a1300b9db8a3bad915b019e6","time":{"start":1706563284734,"stop":1706563284888,"duration":154},"status":"failed","statusMessage":"1 expectation failed.\nExpected status code <200> but was <500>.\n","statusTrace":"java.lang.AssertionError: 1 expectation failed.\nExpected status code <200> but was <500>.\n\n\tat java.base/jdk.internal.reflect.NativeConstructorAccessorImpl.newInstance0(Native Method)\n\tat java.base/jdk.internal.reflect.NativeConstructorAccessorImpl.newInstance(NativeConstructorAccessorImpl.java:77)\n\tat java.base/jdk.internal.reflect.DelegatingConstructorAccessorImpl.newInstance(DelegatingConstructorAccessorImpl.java:45)\n\tat java.base/java.lang.reflect.Constructor.newInstanceWithCaller(Constructor.java:499)\n\tat java.base/java.lang.reflect.Constructor.newInstance(Constructor.java:480)\n\tat org.codehaus.groovy.reflection.CachedConstructor.invoke(CachedConstructor.java:73)\n\tat org.codehaus.groovy.runtime.callsite.ConstructorSite$ConstructorSiteNoUnwrapNoCoerce.callConstructor(ConstructorSite.java:108)\n\tat org.codehaus.groovy.runtime.callsite.AbstractCallSite.callConstructor(AbstractCallSite.java:277)\n\tat io.restassured.internal.ResponseSpecificationImpl$HamcrestAssertionClosure.validate(ResponseSpecificationImpl.groovy:512)\n\tat io.restassured.internal.ResponseSpecificationImpl$HamcrestAssertionClosure$validate$1.call(Unknown Source)\n\tat io.restassured.internal.ResponseSpecificationImpl.validateResponseIfRequired(ResponseSpecificationImpl.groovy:696)\n\tat io.restassured.internal.ResponseSpecificationImpl.this$2$validateResponseIfRequired(ResponseSpecificationImpl.groovy)\n\tat jdk.internal.reflect.GeneratedMethodAccessor282.invoke(Unknown Source)\n\tat java.base/jdk.internal.reflect.DelegatingMethodAccessorImpl.invoke(DelegatingMethodAccessorImpl.java:43)\n\tat java.base/java.lang.reflect.Method.invoke(Method.java:568)\n\tat org.codehaus.groovy.runtime.callsite.PlainObjectMetaMethodSite.doInvoke(PlainObjectMetaMethodSite.java:43)\n\tat org.codehaus.groovy.runtime.callsite.PogoMetaMethodSite$PogoCachedMethodSiteNoUnwrapNoCoerce.invoke(PogoMetaMethodSite.java:198)\n\tat org.codehaus.groovy.runtime.callsite.PogoMetaMethodSite.callCurrent(PogoMetaMethodSite.java:62)\n\tat org.codehaus.groovy.runtime.callsite.AbstractCallSite.callCurrent(AbstractCallSite.java:185)\n\tat io.restassured.internal.ResponseSpecificationImpl.statusCode(ResponseSpecificationImpl.groovy:135)\n\tat io.restassured.specification.ResponseSpecification$statusCode$0.callCurrent(Unknown Source)\n\tat io.restassured.internal.ResponseSpecificationImpl.statusCode(ResponseSpecificationImpl.groovy:143)\n\tat io.restassured.internal.ValidatableResponseOptionsImpl.statusCode(ValidatableResponseOptionsImpl.java:89)\n\tat com.teamcity.api.requests.checked.CheckedBase.create(CheckedBase.java:25)\n\tat com.teamcity.api.BuildTypeTest.userCreatesBuildTypeWithIdExceedingLimitTest(BuildTypeTest.java:73)\n\tat java.base/jdk.internal.reflect.NativeMethodAccessorImpl.invoke0(Native Method)\n\tat java.base/jdk.internal.reflect.NativeMethodAccessorImpl.invoke(NativeMethodAccessorImpl.java:77)\n\tat java.base/jdk.internal.reflect.DelegatingMethodAccessorImpl.invoke(DelegatingMethodAccessorImpl.java:43)\n\tat java.base/java.lang.reflect.Method.invoke(Method.java:568)\n\tat org.testng.internal.invokers.MethodInvocationHelper.invokeMethod(MethodInvocationHelper.java:139)\n\tat org.testng.internal.invokers.TestInvoker.invokeMethod(TestInvoker.java:664)\n\tat org.testng.internal.invokers.TestInvoker.retryFailed(TestInvoker.java:248)\n\tat org.testng.internal.invokers.MethodRunner.runInSequence(MethodRunner.java:62)\n\tat org.testng.internal.invokers.TestInvoker$MethodInvocationAgent.invoke(TestInvoker.java:957)\n\tat org.testng.internal.invokers.TestInvoker.invokeTestMethods(TestInvoker.java:200)\n\tat org.testng.internal.invokers.TestMethodWorker.invokeTestMethods(TestMethodWorker.java:148)\n\tat org.testng.internal.invokers.TestMethodWorker.run(TestMethodWorker.java:128)\n\tat java.base/java.util.ArrayList.forEach(ArrayList.java:1511)\n\tat org.testng.TestRunner.privateRun(TestRunner.java:848)\n\tat org.testng.TestRunner.run(TestRunner.java:621)\n\tat org.testng.SuiteRunner.runTest(SuiteRunner.java:443)\n\tat org.testng.SuiteRunner.runSequentially(SuiteRunner.java:437)\n\tat org.testng.SuiteRunner.privateRun(SuiteRunner.java:397)\n\tat org.testng.SuiteRunner.run(SuiteRunner.java:336)\n\tat org.testng.SuiteRunnerWorker.runSuite(SuiteRunnerWorker.java:52)\n\tat org.testng.SuiteRunnerWorker.run(SuiteRunnerWorker.java:95)\n\tat org.testng.TestNG.runSuitesSequentially(TestNG.java:1280)\n\tat org.testng.TestNG.runSuitesLocally(TestNG.java:1200)\n\tat org.testng.TestNG.runSuites(TestNG.java:1114)\n\tat org.testng.TestNG.run(TestNG.java:1082)\n\tat org.apache.maven.surefire.testng.TestNGExecutor.run(TestNGExecutor.java:155)\n\tat org.apache.maven.surefire.testng.TestNGDirectoryTestSuite.executeMulti(TestNGDirectoryTestSuite.java:169)\n\tat org.apache.maven.surefire.testng.TestNGDirectoryTestSuite.execute(TestNGDirectoryTestSuite.java:88)\n\tat org.apache.maven.surefire.testng.TestNGProvider.invoke(TestNGProvider.java:137)\n\tat org.apache.maven.surefire.booter.ForkedBooter.runSuitesInProcess(ForkedBooter.java:385)\n\tat org.apache.maven.surefire.booter.ForkedBooter.execute(ForkedBooter.java:162)\n\tat org.apache.maven.surefire.booter.ForkedBooter.run(ForkedBooter.java:507)\n\tat org.apache.maven.surefire.booter.ForkedBooter.main(ForkedBooter.java:495)\n","flaky":false,"newFailed":false,"newBroken":false,"newPassed":false,"retriesCount":1,"retriesStatusChange":true,"beforeStages":[{"name":"generateBaseTestData","time":{"start":1706563284726,"stop":1706563284728,"duration":2},"description":"","status":"passed","steps":[],"attachments":[],"parameters":[],"shouldDisplayMessage":false,"stepsCount":0,"attachmentsCount":0,"hasContent":false}],"testStage":{"status":"failed","statusMessage":"1 expectation failed.\nExpected status code <200> but was <500>.\n","statusTrace":"java.lang.AssertionError: 1 expectation failed.\nExpected status code <200> but was <500>.\n\n\tat java.base/jdk.internal.reflect.NativeConstructorAccessorImpl.newInstance0(Native Method)\n\tat java.base/jdk.internal.reflect.NativeConstructorAccessorImpl.newInstance(NativeConstructorAccessorImpl.java:77)\n\tat java.base/jdk.internal.reflect.DelegatingConstructorAccessorImpl.newInstance(DelegatingConstructorAccessorImpl.java:45)\n\tat java.base/java.lang.reflect.Constructor.newInstanceWithCaller(Constructor.java:499)\n\tat java.base/java.lang.reflect.Constructor.newInstance(Constructor.java:480)\n\tat org.codehaus.groovy.reflection.CachedConstructor.invoke(CachedConstructor.java:73)\n\tat org.codehaus.groovy.runtime.callsite.ConstructorSite$ConstructorSiteNoUnwrapNoCoerce.callConstructor(ConstructorSite.java:108)\n\tat org.codehaus.groovy.runtime.callsite.AbstractCallSite.callConstructor(AbstractCallSite.java:277)\n\tat io.restassured.internal.ResponseSpecificationImpl$HamcrestAssertionClosure.validate(ResponseSpecificationImpl.groovy:512)\n\tat io.restassured.internal.ResponseSpecificationImpl$HamcrestAssertionClosure$validate$1.call(Unknown Source)\n\tat io.restassured.internal.ResponseSpecificationImpl.validateResponseIfRequired(ResponseSpecificationImpl.groovy:696)\n\tat io.restassured.internal.ResponseSpecificationImpl.this$2$validateResponseIfRequired(ResponseSpecificationImpl.groovy)\n\tat jdk.internal.reflect.GeneratedMethodAccessor282.invoke(Unknown Source)\n\tat java.base/jdk.internal.reflect.DelegatingMethodAccessorImpl.invoke(DelegatingMethodAccessorImpl.java:43)\n\tat java.base/java.lang.reflect.Method.invoke(Method.java:568)\n\tat org.codehaus.groovy.runtime.callsite.PlainObjectMetaMethodSite.doInvoke(PlainObjectMetaMethodSite.java:43)\n\tat org.codehaus.groovy.runtime.callsite.PogoMetaMethodSite$PogoCachedMethodSiteNoUnwrapNoCoerce.invoke(PogoMetaMethodSite.java:198)\n\tat org.codehaus.groovy.runtime.callsite.PogoMetaMethodSite.callCurrent(PogoMetaMethodSite.java:62)\n\tat org.codehaus.groovy.runtime.callsite.AbstractCallSite.callCurrent(AbstractCallSite.java:185)\n\tat io.restassured.internal.ResponseSpecificationImpl.statusCode(ResponseSpecificationImpl.groovy:135)\n\tat io.restassured.specification.ResponseSpecification$statusCode$0.callCurrent(Unknown Source)\n\tat io.restassured.internal.ResponseSpecificationImpl.statusCode(ResponseSpecificationImpl.groovy:143)\n\tat io.restassured.internal.ValidatableResponseOptionsImpl.statusCode(ValidatableResponseOptionsImpl.java:89)\n\tat com.teamcity.api.requests.checked.CheckedBase.create(CheckedBase.java:25)\n\tat com.teamcity.api.BuildTypeTest.userCreatesBuildTypeWithIdExceedingLimitTest(BuildTypeTest.java:73)\n\tat java.base/jdk.internal.reflect.NativeMethodAccessorImpl.invoke0(Native Method)\n\tat java.base/jdk.internal.reflect.NativeMethodAccessorImpl.invoke(NativeMethodAccessorImpl.java:77)\n\tat java.base/jdk.internal.reflect.DelegatingMethodAccessorImpl.invoke(DelegatingMethodAccessorImpl.java:43)\n\tat java.base/java.lang.reflect.Method.invoke(Method.java:568)\n\tat org.testng.internal.invokers.MethodInvocationHelper.invokeMethod(MethodInvocationHelper.java:139)\n\tat org.testng.internal.invokers.TestInvoker.invokeMethod(TestInvoker.java:664)\n\tat org.testng.internal.invokers.TestInvoker.retryFailed(TestInvoker.java:248)\n\tat org.testng.internal.invokers.MethodRunner.runInSequence(MethodRunner.java:62)\n\tat org.testng.internal.invokers.TestInvoker$MethodInvocationAgent.invoke(TestInvoker.java:957)\n\tat org.testng.internal.invokers.TestInvoker.invokeTestMethods(TestInvoker.java:200)\n\tat org.testng.internal.invokers.TestMethodWorker.invokeTestMethods(TestMethodWorker.java:148)\n\tat org.testng.internal.invokers.TestMethodWorker.run(TestMethodWorker.java:128)\n\tat java.base/java.util.ArrayList.forEach(ArrayList.java:1511)\n\tat org.testng.TestRunner.privateRun(TestRunner.java:848)\n\tat org.testng.TestRunner.run(TestRunner.java:621)\n\tat org.testng.SuiteRunner.runTest(SuiteRunner.java:443)\n\tat org.testng.SuiteRunner.runSequentially(SuiteRunner.java:437)\n\tat org.testng.SuiteRunner.privateRun(SuiteRunner.java:397)\n\tat org.testng.SuiteRunner.run(SuiteRunner.java:336)\n\tat org.testng.SuiteRunnerWorker.runSuite(SuiteRunnerWorker.java:52)\n\tat org.testng.SuiteRunnerWorker.run(SuiteRunnerWorker.java:95)\n\tat org.testng.TestNG.runSuitesSequentially(TestNG.java:1280)\n\tat org.testng.TestNG.runSuitesLocally(TestNG.java:1200)\n\tat org.testng.TestNG.runSuites(TestNG.java:1114)\n\tat org.testng.TestNG.run(TestNG.java:1082)\n\tat org.apache.maven.surefire.testng.TestNGExecutor.run(TestNGExecutor.java:155)\n\tat org.apache.maven.surefire.testng.TestNGDirectoryTestSuite.executeMulti(TestNGDirectoryTestSuite.java:169)\n\tat org.apache.maven.surefire.testng.TestNGDirectoryTestSuite.execute(TestNGDirectoryTestSuite.java:88)\n\tat org.apache.maven.surefire.testng.TestNGProvider.invoke(TestNGProvider.java:137)\n\tat org.apache.maven.surefire.booter.ForkedBooter.runSuitesInProcess(ForkedBooter.java:385)\n\tat org.apache.maven.surefire.booter.ForkedBooter.execute(ForkedBooter.java:162)\n\tat org.apache.maven.surefire.booter.ForkedBooter.run(ForkedBooter.java:507)\n\tat org.apache.maven.surefire.booter.ForkedBooter.main(ForkedBooter.java:495)\n","steps":[{"name":"Create User(id=null, username=test_rzarHzhcXi, email=test_RfkcgfmBgn, password=test_rBsvcCkqhm, roles=Roles(role=[Role(roleId=SYSTEM_ADMIN, scope=g)]))","time":{"start":1706563284734,"stop":1706563284771,"duration":37},"status":"passed","steps":[],"attachments":[{"uid":"75f2278ba5390443","name":"Request","source":"75f2278ba5390443.html","type":"text/html","size":1390},{"uid":"927d652c9474128","name":"HTTP/1.1 200 ","source":"927d652c9474128.html","type":"text/html","size":2144}],"parameters":[{"name":"model","value":"User(id=null, username=test_rzarHzhcXi, email=test_RfkcgfmBgn, password=test_rBsvcCkqhm, roles=Roles(role=[Role(roleId=SYSTEM_ADMIN, scope=g)]))"}],"shouldDisplayMessage":false,"stepsCount":0,"attachmentsCount":2,"hasContent":true},{"name":"Create NewProjectDescription(id=test_nwUIuuurev, name=test_OBeYDMrLnE, parentProject=Project(id=null, name=null, locator=_Root))","time":{"start":1706563284774,"stop":1706563284801,"duration":27},"status":"passed","steps":[],"attachments":[{"uid":"7c658d08c79826d6","name":"Request","source":"7c658d08c79826d6.html","type":"text/html","size":1100},{"uid":"67afa4c8fa51ff02","name":"HTTP/1.1 200 ","source":"67afa4c8fa51ff02.html","type":"text/html","size":2225}],"parameters":[{"name":"model","value":"NewProjectDescription(id=test_nwUIuuurev, name=test_OBeYDMrLnE, parentProject=Project(id=null, name=null, locator=_Root))"}],"shouldDisplayMessage":false,"stepsCount":0,"attachmentsCount":2,"hasContent":true},{"name":"Create BuildType(id=test_SjkHSDvepCkIudxiPXYDtOLrqpkeaFuTKcMDFOjKadEbMXtBKdDhJFiKOXjpjqqLjDfWdODGZBtCNEYKrBoABUBmuAvZtrAYVKnPzBsSWKlaXViaEHlFsYtHUTACSJmXSviuJEEdQiOOMjtxsEnDeKxmjvjtnWjErXiMxldfnCAxvYmzeRcWZWBuUVsHWduEmhWpzzrGxyHNmruUrrYycNszuQAUa, name=test_mYRPmBOhkv, project=NewProjectDescription(id=test_nwUIuuurev, name=test_OBeYDMrLnE, parentProject=Project(id=null, name=null, locator=_Root)), steps=Steps(step=[Step(name=test_dLiPtKZolV, type=simpleRunner, properties=Properties(property=[Property(name=null, value=null)]))]))","time":{"start":1706563284803,"stop":1706563284849,"duration":46},"status":"passed","steps":[],"attachments":[{"uid":"e1fcb72c5299ef15","name":"Request","source":"e1fcb72c5299ef15.html","type":"text/html","size":2876},{"uid":"7f832b7c2fc7d245","name":"HTTP/1.1 500 ","source":"7f832b7c2fc7d245.html","type":"text/html","size":1186}],"parameters":[{"name":"model","value":"BuildType(id=test_SjkHSDvepCkIudxiPXYDtOLrqpkeaFuTKcMDFOjKadEbMXtBKdDhJFiKOXjpjqqLjDfWdODGZBtCNEYKrBoABUBmuAvZtrAYVKnPzBsSWKlaXViaEHlFsYtHUTACSJmXSviuJEEdQiOOMjtxsEnDeKxmjvjtnWjErXiMxldfnCAxvYmzeRcWZWBuUVsHWduEmhWpzzrGxyHNmruUrrYycNszuQAUa, name=test_mYRPmBOhkv, project=NewProjectDescription(id=test_nwUIuuurev, name=test_OBeYDMrLnE, parentProject=Project(id=null, name=null, locator=_Root)), steps=Steps(step=[Step(name=test_dLiPtKZolV, type=simpleRunner, properties=Properties(property=[Property(name=null, value=null)]))]))"}],"shouldDisplayMessage":false,"stepsCount":0,"attachmentsCount":2,"hasContent":true},{"name":"Create BuildType(id=test_iJAqdLIENXSFADwmbXpMTEgXdxWqOWwIbBYnNKokoEGZscfiXHOeXmdgnCNdXhrDyZahYvpBeOlNxJiDQTPheObpfOKozsBdDaQytQKSaeWjgDVAOinWFPVtWwzlZzzdAYnJPJxabngeSRlEUDSCKHltXkZOltZpLzhLModbuzzQpdlmAaMvlbkveMDtzYHROYwmpLOjrbbqDcwCnSBVGKGNiGQn, name=test_mYRPmBOhkv, project=NewProjectDescription(id=test_nwUIuuurev, name=test_OBeYDMrLnE, parentProject=Project(id=null, name=null, locator=_Root)), steps=Steps(step=[Step(name=test_dLiPtKZolV, type=simpleRunner, properties=Properties(property=[Property(name=null, value=null)]))]))","time":{"start":1706563284850,"stop":1706563284887,"duration":37},"status":"passed","steps":[],"attachments":[{"uid":"426faf221609c185","name":"Request","source":"426faf221609c185.html","type":"text/html","size":2874},{"uid":"991b4d40da7e666e","name":"HTTP/1.1 500 ","source":"991b4d40da7e666e.html","type":"text/html","size":856}],"parameters":[{"name":"model","value":"BuildType(id=test_iJAqdLIENXSFADwmbXpMTEgXdxWqOWwIbBYnNKokoEGZscfiXHOeXmdgnCNdXhrDyZahYvpBeOlNxJiDQTPheObpfOKozsBdDaQytQKSaeWjgDVAOinWFPVtWwzlZzzdAYnJPJxabngeSRlEUDSCKHltXkZOltZpLzhLModbuzzQpdlmAaMvlbkveMDtzYHROYwmpLOjrbbqDcwCnSBVGKGNiGQn, name=test_mYRPmBOhkv, project=NewProjectDescription(id=test_nwUIuuurev, name=test_OBeYDMrLnE, parentProject=Project(id=null, name=null, locator=_Root)), steps=Steps(step=[Step(name=test_dLiPtKZolV, type=simpleRunner, properties=Properties(property=[Property(name=null, value=null)]))]))"}],"shouldDisplayMessage":false,"stepsCount":0,"attachmentsCount":2,"hasContent":true}],"attachments":[],"parameters":[],"shouldDisplayMessage":true,"stepsCount":4,"attachmentsCount":8,"hasContent":true},"afterStages":[{"name":"deleteCreatedEntities","time":{"start":1706563284889,"stop":1706563284949,"duration":60},"description":"","status":"passed","steps":[{"name":"Delete 13","time":{"start":1706563284891,"stop":1706563284916,"duration":25},"status":"passed","steps":[],"attachments":[{"uid":"cf6f6e3ca86c1983","name":"Request","source":"cf6f6e3ca86c1983.html","type":"text/html","size":525},{"uid":"37c1aaf1fff365b5","name":"HTTP/1.1 204 ","source":"37c1aaf1fff365b5.html","type":"text/html","size":478}],"parameters":[{"name":"id","value":"13"}],"shouldDisplayMessage":false,"stepsCount":0,"attachmentsCount":2,"hasContent":true},{"name":"Delete test_nwUIuuurev","time":{"start":1706563284916,"stop":1706563284949,"duration":33},"status":"passed","steps":[],"attachments":[{"uid":"3221e01a03eb8d47","name":"Request","source":"3221e01a03eb8d47.html","type":"text/html","size":557},{"uid":"9eda22e01e0f814b","name":"HTTP/1.1 204 ","source":"9eda22e01e0f814b.html","type":"text/html","size":478}],"parameters":[{"name":"id","value":"test_nwUIuuurev"}],"shouldDisplayMessage":false,"stepsCount":0,"attachmentsCount":2,"hasContent":true}],"attachments":[],"parameters":[],"shouldDisplayMessage":false,"stepsCount":2,"attachmentsCount":4,"hasContent":true}],"labels":[{"name":"package","value":"com.teamcity.api.BuildTypeTest"},{"name":"testClass","value":"com.teamcity.api.BuildTypeTest"},{"name":"testMethod","value":"userCreatesBuildTypeWithIdExceedingLimitTest"},{"name":"parentSuite","value":"Surefire suite"},{"name":"suite","value":"Surefire test"},{"name":"subSuite","value":"com.teamcity.api.BuildTypeTest"},{"name":"host","value":"fv-az801-550"},{"name":"thread","value":"5908@fv-az801-550.main(1)"},{"name":"framework","value":"testng"},{"name":"language","value":"java"},{"name":"feature","value":"Build type"},{"name":"resultFormat","value":"allure2"}],"parameters":[],"links":[],"hidden":false,"retry":false,"extra":{"severity":"normal","retries":[{"uid":"33c0eaf7d2e34002","status":"skipped","statusDetails":"1 expectation failed.\nExpected status code <200> but was <500>.\n","time":{"start":1706563284399,"stop":1706563284648,"duration":249}}],"categories":[{"name":"Product defects","matchedStatuses":[],"flaky":false}],"history":{"statistic":{"failed":3,"broken":0,"skipped":0,"passed":5,"unknown":0,"total":8},"items":[{"uid":"47588e506162b74d","reportUrl":"https://ex-elias.github.io/workshop/48//#testresult/47588e506162b74d","status":"failed","statusDetails":"1 expectation failed.\nExpected status code <500> but was <404>.\n","time":{"start":1706539985631,"stop":1706539985738,"duration":107}},{"uid":"c317516448f373ca","reportUrl":"https://ex-elias.github.io/workshop/47//#testresult/c317516448f373ca","status":"failed","statusDetails":"1 expectation failed.\nExpected status code <500> but was <404>.\n","time":{"start":1706539206837,"stop":1706539206975,"duration":138}},{"uid":"e03620105c3d1fbe","reportUrl":"https://ex-elias.github.io/workshop/46//#testresult/e03620105c3d1fbe","status":"passed","time":{"start":1704652666700,"stop":1704652666986,"duration":286}},{"uid":"a921af0e76900df1","reportUrl":"https://ex-elias.github.io/workshop/45//#testresult/a921af0e76900df1","status":"passed","time":{"start":1704650489736,"stop":1704650490072,"duration":336}},{"uid":"3a1d92bf8022b782","reportUrl":"https://ex-elias.github.io/workshop/44//#testresult/3a1d92bf8022b782","status":"passed","time":{"start":1704647473653,"stop":1704647473990,"duration":337}},{"uid":"2fd4941e4b55159a","reportUrl":"https://ex-elias.github.io/workshop/43//#testresult/2fd4941e4b55159a","status":"passed","time":{"start":1704646045322,"stop":1704646045648,"duration":326}},{"uid":"b88fb2c3bcb648f2","reportUrl":"https://elias-qa.github.io/workshop/42//#testresult/b88fb2c3bcb648f2","status":"passed","time":{"start":1704641795226,"stop":1704641795671,"duration":445}}]},"tags":[]},"source":"6f3c498964464cc1.json","parameterValues":[]}