{"uid":"95ceb45abde8c9a","name":"Project admin should not be able to create build type for not their project","fullName":"com.teamcity.api.BuildTypeTest.projectAdminCreatesBuildTypeForAnotherUserProjectTest","historyId":"3a283eeb286d516d11287e42e4bf622","time":{"start":1706539205114,"stop":1706539205314,"duration":200},"status":"failed","statusMessage":"1 expectation failed.\nExpected status code <403> but was <404>.\n","statusTrace":"java.lang.AssertionError: 1 expectation failed.\nExpected status code <403> but was <404>.\n\n\tat java.base/jdk.internal.reflect.NativeConstructorAccessorImpl.newInstance0(Native Method)\n\tat java.base/jdk.internal.reflect.NativeConstructorAccessorImpl.newInstance(NativeConstructorAccessorImpl.java:77)\n\tat java.base/jdk.internal.reflect.DelegatingConstructorAccessorImpl.newInstance(DelegatingConstructorAccessorImpl.java:45)\n\tat java.base/java.lang.reflect.Constructor.newInstanceWithCaller(Constructor.java:499)\n\tat java.base/java.lang.reflect.Constructor.newInstance(Constructor.java:480)\n\tat org.codehaus.groovy.reflection.CachedConstructor.invoke(CachedConstructor.java:73)\n\tat org.codehaus.groovy.runtime.callsite.ConstructorSite$ConstructorSiteNoUnwrapNoCoerce.callConstructor(ConstructorSite.java:108)\n\tat org.codehaus.groovy.runtime.callsite.AbstractCallSite.callConstructor(AbstractCallSite.java:277)\n\tat io.restassured.internal.ResponseSpecificationImpl$HamcrestAssertionClosure.validate(ResponseSpecificationImpl.groovy:512)\n\tat io.restassured.internal.ResponseSpecificationImpl$HamcrestAssertionClosure$validate$1.call(Unknown Source)\n\tat io.restassured.internal.ResponseSpecificationImpl.validateResponseIfRequired(ResponseSpecificationImpl.groovy:696)\n\tat io.restassured.internal.ResponseSpecificationImpl.this$2$validateResponseIfRequired(ResponseSpecificationImpl.groovy)\n\tat jdk.internal.reflect.GeneratedMethodAccessor277.invoke(Unknown Source)\n\tat java.base/jdk.internal.reflect.DelegatingMethodAccessorImpl.invoke(DelegatingMethodAccessorImpl.java:43)\n\tat java.base/java.lang.reflect.Method.invoke(Method.java:568)\n\tat org.codehaus.groovy.runtime.callsite.PlainObjectMetaMethodSite.doInvoke(PlainObjectMetaMethodSite.java:43)\n\tat org.codehaus.groovy.runtime.callsite.PogoMetaMethodSite$PogoCachedMethodSiteNoUnwrapNoCoerce.invoke(PogoMetaMethodSite.java:198)\n\tat org.codehaus.groovy.runtime.callsite.PogoMetaMethodSite.callCurrent(PogoMetaMethodSite.java:62)\n\tat org.codehaus.groovy.runtime.callsite.AbstractCallSite.callCurrent(AbstractCallSite.java:185)\n\tat io.restassured.internal.ResponseSpecificationImpl.statusCode(ResponseSpecificationImpl.groovy:135)\n\tat io.restassured.specification.ResponseSpecification$statusCode$0.callCurrent(Unknown Source)\n\tat io.restassured.internal.ResponseSpecificationImpl.statusCode(ResponseSpecificationImpl.groovy:143)\n\tat io.restassured.internal.ValidatableResponseOptionsImpl.statusCode(ValidatableResponseOptionsImpl.java:89)\n\tat com.teamcity.api.BuildTypeTest.projectAdminCreatesBuildTypeForAnotherUserProjectTest(BuildTypeTest.java:142)\n\tat java.base/jdk.internal.reflect.NativeMethodAccessorImpl.invoke0(Native Method)\n\tat java.base/jdk.internal.reflect.NativeMethodAccessorImpl.invoke(NativeMethodAccessorImpl.java:77)\n\tat java.base/jdk.internal.reflect.DelegatingMethodAccessorImpl.invoke(DelegatingMethodAccessorImpl.java:43)\n\tat java.base/java.lang.reflect.Method.invoke(Method.java:568)\n\tat org.testng.internal.invokers.MethodInvocationHelper.invokeMethod(MethodInvocationHelper.java:139)\n\tat org.testng.internal.invokers.TestInvoker.invokeMethod(TestInvoker.java:664)\n\tat org.testng.internal.invokers.TestInvoker.retryFailed(TestInvoker.java:248)\n\tat org.testng.internal.invokers.MethodRunner.runInSequence(MethodRunner.java:62)\n\tat org.testng.internal.invokers.TestInvoker$MethodInvocationAgent.invoke(TestInvoker.java:957)\n\tat org.testng.internal.invokers.TestInvoker.invokeTestMethods(TestInvoker.java:200)\n\tat org.testng.internal.invokers.TestMethodWorker.invokeTestMethods(TestMethodWorker.java:148)\n\tat org.testng.internal.invokers.TestMethodWorker.run(TestMethodWorker.java:128)\n\tat java.base/java.util.ArrayList.forEach(ArrayList.java:1511)\n\tat org.testng.TestRunner.privateRun(TestRunner.java:848)\n\tat org.testng.TestRunner.run(TestRunner.java:621)\n\tat org.testng.SuiteRunner.runTest(SuiteRunner.java:443)\n\tat org.testng.SuiteRunner.runSequentially(SuiteRunner.java:437)\n\tat org.testng.SuiteRunner.privateRun(SuiteRunner.java:397)\n\tat org.testng.SuiteRunner.run(SuiteRunner.java:336)\n\tat org.testng.SuiteRunnerWorker.runSuite(SuiteRunnerWorker.java:52)\n\tat org.testng.SuiteRunnerWorker.run(SuiteRunnerWorker.java:95)\n\tat org.testng.TestNG.runSuitesSequentially(TestNG.java:1280)\n\tat org.testng.TestNG.runSuitesLocally(TestNG.java:1200)\n\tat org.testng.TestNG.runSuites(TestNG.java:1114)\n\tat org.testng.TestNG.run(TestNG.java:1082)\n\tat org.apache.maven.surefire.testng.TestNGExecutor.run(TestNGExecutor.java:155)\n\tat org.apache.maven.surefire.testng.TestNGDirectoryTestSuite.executeMulti(TestNGDirectoryTestSuite.java:169)\n\tat org.apache.maven.surefire.testng.TestNGDirectoryTestSuite.execute(TestNGDirectoryTestSuite.java:88)\n\tat org.apache.maven.surefire.testng.TestNGProvider.invoke(TestNGProvider.java:137)\n\tat org.apache.maven.surefire.booter.ForkedBooter.runSuitesInProcess(ForkedBooter.java:385)\n\tat org.apache.maven.surefire.booter.ForkedBooter.execute(ForkedBooter.java:162)\n\tat org.apache.maven.surefire.booter.ForkedBooter.run(ForkedBooter.java:507)\n\tat org.apache.maven.surefire.booter.ForkedBooter.main(ForkedBooter.java:495)\n","flaky":false,"newFailed":true,"newBroken":false,"newPassed":false,"retriesCount":1,"retriesStatusChange":true,"beforeStages":[{"name":"generateBaseTestData","time":{"start":1706539205110,"stop":1706539205110,"duration":0},"description":"","status":"passed","steps":[],"attachments":[],"parameters":[],"shouldDisplayMessage":false,"stepsCount":0,"attachmentsCount":0,"hasContent":false}],"testStage":{"status":"failed","statusMessage":"1 expectation failed.\nExpected status code <403> but was <404>.\n","statusTrace":"java.lang.AssertionError: 1 expectation failed.\nExpected status code <403> but was <404>.\n\n\tat java.base/jdk.internal.reflect.NativeConstructorAccessorImpl.newInstance0(Native Method)\n\tat java.base/jdk.internal.reflect.NativeConstructorAccessorImpl.newInstance(NativeConstructorAccessorImpl.java:77)\n\tat java.base/jdk.internal.reflect.DelegatingConstructorAccessorImpl.newInstance(DelegatingConstructorAccessorImpl.java:45)\n\tat java.base/java.lang.reflect.Constructor.newInstanceWithCaller(Constructor.java:499)\n\tat java.base/java.lang.reflect.Constructor.newInstance(Constructor.java:480)\n\tat org.codehaus.groovy.reflection.CachedConstructor.invoke(CachedConstructor.java:73)\n\tat org.codehaus.groovy.runtime.callsite.ConstructorSite$ConstructorSiteNoUnwrapNoCoerce.callConstructor(ConstructorSite.java:108)\n\tat org.codehaus.groovy.runtime.callsite.AbstractCallSite.callConstructor(AbstractCallSite.java:277)\n\tat io.restassured.internal.ResponseSpecificationImpl$HamcrestAssertionClosure.validate(ResponseSpecificationImpl.groovy:512)\n\tat io.restassured.internal.ResponseSpecificationImpl$HamcrestAssertionClosure$validate$1.call(Unknown Source)\n\tat io.restassured.internal.ResponseSpecificationImpl.validateResponseIfRequired(ResponseSpecificationImpl.groovy:696)\n\tat io.restassured.internal.ResponseSpecificationImpl.this$2$validateResponseIfRequired(ResponseSpecificationImpl.groovy)\n\tat jdk.internal.reflect.GeneratedMethodAccessor277.invoke(Unknown Source)\n\tat java.base/jdk.internal.reflect.DelegatingMethodAccessorImpl.invoke(DelegatingMethodAccessorImpl.java:43)\n\tat java.base/java.lang.reflect.Method.invoke(Method.java:568)\n\tat org.codehaus.groovy.runtime.callsite.PlainObjectMetaMethodSite.doInvoke(PlainObjectMetaMethodSite.java:43)\n\tat org.codehaus.groovy.runtime.callsite.PogoMetaMethodSite$PogoCachedMethodSiteNoUnwrapNoCoerce.invoke(PogoMetaMethodSite.java:198)\n\tat org.codehaus.groovy.runtime.callsite.PogoMetaMethodSite.callCurrent(PogoMetaMethodSite.java:62)\n\tat org.codehaus.groovy.runtime.callsite.AbstractCallSite.callCurrent(AbstractCallSite.java:185)\n\tat io.restassured.internal.ResponseSpecificationImpl.statusCode(ResponseSpecificationImpl.groovy:135)\n\tat io.restassured.specification.ResponseSpecification$statusCode$0.callCurrent(Unknown Source)\n\tat io.restassured.internal.ResponseSpecificationImpl.statusCode(ResponseSpecificationImpl.groovy:143)\n\tat io.restassured.internal.ValidatableResponseOptionsImpl.statusCode(ValidatableResponseOptionsImpl.java:89)\n\tat com.teamcity.api.BuildTypeTest.projectAdminCreatesBuildTypeForAnotherUserProjectTest(BuildTypeTest.java:142)\n\tat java.base/jdk.internal.reflect.NativeMethodAccessorImpl.invoke0(Native Method)\n\tat java.base/jdk.internal.reflect.NativeMethodAccessorImpl.invoke(NativeMethodAccessorImpl.java:77)\n\tat java.base/jdk.internal.reflect.DelegatingMethodAccessorImpl.invoke(DelegatingMethodAccessorImpl.java:43)\n\tat java.base/java.lang.reflect.Method.invoke(Method.java:568)\n\tat org.testng.internal.invokers.MethodInvocationHelper.invokeMethod(MethodInvocationHelper.java:139)\n\tat org.testng.internal.invokers.TestInvoker.invokeMethod(TestInvoker.java:664)\n\tat org.testng.internal.invokers.TestInvoker.retryFailed(TestInvoker.java:248)\n\tat org.testng.internal.invokers.MethodRunner.runInSequence(MethodRunner.java:62)\n\tat org.testng.internal.invokers.TestInvoker$MethodInvocationAgent.invoke(TestInvoker.java:957)\n\tat org.testng.internal.invokers.TestInvoker.invokeTestMethods(TestInvoker.java:200)\n\tat org.testng.internal.invokers.TestMethodWorker.invokeTestMethods(TestMethodWorker.java:148)\n\tat org.testng.internal.invokers.TestMethodWorker.run(TestMethodWorker.java:128)\n\tat java.base/java.util.ArrayList.forEach(ArrayList.java:1511)\n\tat org.testng.TestRunner.privateRun(TestRunner.java:848)\n\tat org.testng.TestRunner.run(TestRunner.java:621)\n\tat org.testng.SuiteRunner.runTest(SuiteRunner.java:443)\n\tat org.testng.SuiteRunner.runSequentially(SuiteRunner.java:437)\n\tat org.testng.SuiteRunner.privateRun(SuiteRunner.java:397)\n\tat org.testng.SuiteRunner.run(SuiteRunner.java:336)\n\tat org.testng.SuiteRunnerWorker.runSuite(SuiteRunnerWorker.java:52)\n\tat org.testng.SuiteRunnerWorker.run(SuiteRunnerWorker.java:95)\n\tat org.testng.TestNG.runSuitesSequentially(TestNG.java:1280)\n\tat org.testng.TestNG.runSuitesLocally(TestNG.java:1200)\n\tat org.testng.TestNG.runSuites(TestNG.java:1114)\n\tat org.testng.TestNG.run(TestNG.java:1082)\n\tat org.apache.maven.surefire.testng.TestNGExecutor.run(TestNGExecutor.java:155)\n\tat org.apache.maven.surefire.testng.TestNGDirectoryTestSuite.executeMulti(TestNGDirectoryTestSuite.java:169)\n\tat org.apache.maven.surefire.testng.TestNGDirectoryTestSuite.execute(TestNGDirectoryTestSuite.java:88)\n\tat org.apache.maven.surefire.testng.TestNGProvider.invoke(TestNGProvider.java:137)\n\tat org.apache.maven.surefire.booter.ForkedBooter.runSuitesInProcess(ForkedBooter.java:385)\n\tat org.apache.maven.surefire.booter.ForkedBooter.execute(ForkedBooter.java:162)\n\tat org.apache.maven.surefire.booter.ForkedBooter.run(ForkedBooter.java:507)\n\tat org.apache.maven.surefire.booter.ForkedBooter.main(ForkedBooter.java:495)\n","steps":[{"name":"Create NewProjectDescription(id=test_NoBWUfTOSB, name=test_ewbXCtjVkA, parentProject=Project(id=null, name=null, locator=_Root))","time":{"start":1706539205120,"stop":1706539205157,"duration":37},"status":"passed","steps":[],"attachments":[{"uid":"218dff13373bfe30","name":"Request","source":"218dff13373bfe30.html","type":"text/html","size":1100},{"uid":"b482e5d646fc78ed","name":"HTTP/1.1 200 ","source":"b482e5d646fc78ed.html","type":"text/html","size":2225}],"parameters":[{"name":"model","value":"NewProjectDescription(id=test_NoBWUfTOSB, name=test_ewbXCtjVkA, parentProject=Project(id=null, name=null, locator=_Root))"}],"shouldDisplayMessage":false,"stepsCount":0,"attachmentsCount":2,"hasContent":true},{"name":"Create NewProjectDescription(id=test_YbfnzXNcbn, name=test_PhTFxNuXMS, parentProject=Project(id=null, name=null, locator=_Root))","time":{"start":1706539205158,"stop":1706539205185,"duration":27},"status":"passed","steps":[],"attachments":[{"uid":"4ce11799e7dd6831","name":"Request","source":"4ce11799e7dd6831.html","type":"text/html","size":1100},{"uid":"f2094137d7f01b4b","name":"HTTP/1.1 200 ","source":"f2094137d7f01b4b.html","type":"text/html","size":2225}],"parameters":[{"name":"model","value":"NewProjectDescription(id=test_YbfnzXNcbn, name=test_PhTFxNuXMS, parentProject=Project(id=null, name=null, locator=_Root))"}],"shouldDisplayMessage":false,"stepsCount":0,"attachmentsCount":2,"hasContent":true},{"name":"Create User(id=null, username=test_dYqMLTXrwj, email=test_CfOUQRQwdH, password=test_UalyZEbOtG, roles=Roles(role=[Role(roleId=PROJECT_ADMIN, scope=p:test_NoBWUfTOSB)]))","time":{"start":1706539205186,"stop":1706539205223,"duration":37},"status":"passed","steps":[],"attachments":[{"uid":"49b8a066cd47c41d","name":"Request","source":"49b8a066cd47c41d.html","type":"text/html","size":1424},{"uid":"940b9d6d5d46bed6","name":"HTTP/1.1 200 ","source":"940b9d6d5d46bed6.html","type":"text/html","size":2178}],"parameters":[{"name":"model","value":"User(id=null, username=test_dYqMLTXrwj, email=test_CfOUQRQwdH, password=test_UalyZEbOtG, roles=Roles(role=[Role(roleId=PROJECT_ADMIN, scope=p:test_NoBWUfTOSB)]))"}],"shouldDisplayMessage":false,"stepsCount":0,"attachmentsCount":2,"hasContent":true},{"name":"Create User(id=null, username=test_zOxIGIXkAv, email=test_mGZlRwqMjU, password=test_dEhTAmgQqH, roles=Roles(role=[Role(roleId=PROJECT_ADMIN, scope=p:test_YbfnzXNcbn)]))","time":{"start":1706539205227,"stop":1706539205270,"duration":43},"status":"passed","steps":[],"attachments":[{"uid":"a4c4ed63ec6027ba","name":"Request","source":"a4c4ed63ec6027ba.html","type":"text/html","size":1424},{"uid":"dd44632964e2c19a","name":"HTTP/1.1 200 ","source":"dd44632964e2c19a.html","type":"text/html","size":2178}],"parameters":[{"name":"model","value":"User(id=null, username=test_zOxIGIXkAv, email=test_mGZlRwqMjU, password=test_dEhTAmgQqH, roles=Roles(role=[Role(roleId=PROJECT_ADMIN, scope=p:test_YbfnzXNcbn)]))"}],"shouldDisplayMessage":false,"stepsCount":0,"attachmentsCount":2,"hasContent":true},{"name":"Create BuildType(id=test_WwmkAAXxPm, name=test_qZVTwDKRFj, project=NewProjectDescription(id=test_qitzevsjyA, name=test_uApunVDDGn, parentProject=Project(id=null, name=null, locator=_Root)), steps=Steps(step=[Step(name=test_GaDhLunxdA, type=simpleRunner, properties=Properties(property=[Property(name=null, value=null)]))]))","time":{"start":1706539205275,"stop":1706539205313,"duration":38},"status":"passed","steps":[],"attachments":[{"uid":"b29d776adc498083","name":"Request","source":"b29d776adc498083.html","type":"text/html","size":2454},{"uid":"a3b257ed6abbf846","name":"HTTP/1.1 404 ","source":"a3b257ed6abbf846.html","type":"text/html","size":940}],"parameters":[{"name":"model","value":"BuildType(id=test_WwmkAAXxPm, name=test_qZVTwDKRFj, project=NewProjectDescription(id=test_qitzevsjyA, name=test_uApunVDDGn, parentProject=Project(id=null, name=null, locator=_Root)), steps=Steps(step=[Step(name=test_GaDhLunxdA, type=simpleRunner, properties=Properties(property=[Property(name=null, value=null)]))]))"}],"shouldDisplayMessage":false,"stepsCount":0,"attachmentsCount":2,"hasContent":true}],"attachments":[],"parameters":[],"shouldDisplayMessage":true,"stepsCount":5,"attachmentsCount":10,"hasContent":true},"afterStages":[{"name":"deleteCreatedEntities","time":{"start":1706539205315,"stop":1706539205429,"duration":114},"description":"","status":"passed","steps":[{"name":"Delete 11","time":{"start":1706539205316,"stop":1706539205343,"duration":27},"status":"passed","steps":[],"attachments":[{"uid":"4c8133b2914ecd4","name":"Request","source":"4c8133b2914ecd4.html","type":"text/html","size":525},{"uid":"d2b2c99b817c8d4f","name":"HTTP/1.1 204 ","source":"d2b2c99b817c8d4f.html","type":"text/html","size":478}],"parameters":[{"name":"id","value":"11"}],"shouldDisplayMessage":false,"stepsCount":0,"attachmentsCount":2,"hasContent":true},{"name":"Delete 10","time":{"start":1706539205344,"stop":1706539205373,"duration":29},"status":"passed","steps":[],"attachments":[{"uid":"2dc9ff08b39e3087","name":"Request","source":"2dc9ff08b39e3087.html","type":"text/html","size":525},{"uid":"a8760ebe7af0339e","name":"HTTP/1.1 204 ","source":"a8760ebe7af0339e.html","type":"text/html","size":478}],"parameters":[{"name":"id","value":"10"}],"shouldDisplayMessage":false,"stepsCount":0,"attachmentsCount":2,"hasContent":true},{"name":"Delete test_NoBWUfTOSB","time":{"start":1706539205373,"stop":1706539205402,"duration":29},"status":"passed","steps":[],"attachments":[{"uid":"61a0709a539b0a94","name":"Request","source":"61a0709a539b0a94.html","type":"text/html","size":557},{"uid":"12c6e86fa0793b3f","name":"HTTP/1.1 204 ","source":"12c6e86fa0793b3f.html","type":"text/html","size":478}],"parameters":[{"name":"id","value":"test_NoBWUfTOSB"}],"shouldDisplayMessage":false,"stepsCount":0,"attachmentsCount":2,"hasContent":true},{"name":"Delete test_YbfnzXNcbn","time":{"start":1706539205402,"stop":1706539205429,"duration":27},"status":"passed","steps":[],"attachments":[{"uid":"cdccd30c3a174ee1","name":"Request","source":"cdccd30c3a174ee1.html","type":"text/html","size":557},{"uid":"3a2e328157f6f64b","name":"HTTP/1.1 204 ","source":"3a2e328157f6f64b.html","type":"text/html","size":478}],"parameters":[{"name":"id","value":"test_YbfnzXNcbn"}],"shouldDisplayMessage":false,"stepsCount":0,"attachmentsCount":2,"hasContent":true}],"attachments":[],"parameters":[],"shouldDisplayMessage":false,"stepsCount":4,"attachmentsCount":8,"hasContent":true}],"labels":[{"name":"package","value":"com.teamcity.api.BuildTypeTest"},{"name":"testClass","value":"com.teamcity.api.BuildTypeTest"},{"name":"testMethod","value":"projectAdminCreatesBuildTypeForAnotherUserProjectTest"},{"name":"parentSuite","value":"Surefire suite"},{"name":"suite","value":"Surefire test"},{"name":"subSuite","value":"com.teamcity.api.BuildTypeTest"},{"name":"host","value":"fv-az740-712"},{"name":"thread","value":"5887@fv-az740-712.main(1)"},{"name":"framework","value":"testng"},{"name":"language","value":"java"},{"name":"feature","value":"Build type"},{"name":"resultFormat","value":"allure2"}],"parameters":[],"links":[],"hidden":false,"retry":false,"extra":{"severity":"normal","retries":[{"uid":"bb68837fdaa54201","status":"skipped","statusDetails":"1 expectation failed.\nExpected status code <403> but was <404>.\n","time":{"start":1706539204751,"stop":1706539204989,"duration":238}}],"categories":[{"name":"Product defects","matchedStatuses":[],"flaky":false}],"history":{"statistic":{"failed":1,"broken":0,"skipped":0,"passed":5,"unknown":0,"total":6},"items":[{"uid":"78645d57c0eacbad","reportUrl":"https://ex-elias.github.io/workshop/46//#testresult/78645d57c0eacbad","status":"passed","time":{"start":1704652661544,"stop":1704652662615,"duration":1071}},{"uid":"96a4e7ece1c8bbb3","reportUrl":"https://ex-elias.github.io/workshop/45//#testresult/96a4e7ece1c8bbb3","status":"passed","time":{"start":1704650484389,"stop":1704650485595,"duration":1206}},{"uid":"8fb575b73a1f4db2","reportUrl":"https://ex-elias.github.io/workshop/44//#testresult/8fb575b73a1f4db2","status":"passed","time":{"start":1704647467484,"stop":1704647468896,"duration":1412}},{"uid":"7b5b85f1ce6cc3ba","reportUrl":"https://ex-elias.github.io/workshop/43//#testresult/7b5b85f1ce6cc3ba","status":"passed","time":{"start":1704646039941,"stop":1704646041196,"duration":1255}},{"uid":"63a0a880ea95bc97","reportUrl":"https://elias-qa.github.io/workshop/42//#testresult/63a0a880ea95bc97","status":"passed","time":{"start":1704641787124,"stop":1704641788813,"duration":1689}}]},"tags":[]},"source":"95ceb45abde8c9a.json","parameterValues":[]}