{"uid":"9e57eb23ff08300a","name":"User should not be able to create two build types with the same id","fullName":"com.teamcity.api.BuildTypeTest.userCreatesTwoBuildTypesWithSameIdTest","historyId":"fd20e06c49865098e7cd2ff11040aec7","time":{"start":1706539207297,"stop":1706539207401,"duration":104},"status":"failed","statusMessage":"1 expectation failed.\nExpected status code <200> but was <404>.\n","statusTrace":"java.lang.AssertionError: 1 expectation failed.\nExpected status code <200> but was <404>.\n\n\tat java.base/jdk.internal.reflect.NativeConstructorAccessorImpl.newInstance0(Native Method)\n\tat java.base/jdk.internal.reflect.NativeConstructorAccessorImpl.newInstance(NativeConstructorAccessorImpl.java:77)\n\tat java.base/jdk.internal.reflect.DelegatingConstructorAccessorImpl.newInstance(DelegatingConstructorAccessorImpl.java:45)\n\tat java.base/java.lang.reflect.Constructor.newInstanceWithCaller(Constructor.java:499)\n\tat java.base/java.lang.reflect.Constructor.newInstance(Constructor.java:480)\n\tat org.codehaus.groovy.reflection.CachedConstructor.invoke(CachedConstructor.java:73)\n\tat org.codehaus.groovy.runtime.callsite.ConstructorSite$ConstructorSiteNoUnwrapNoCoerce.callConstructor(ConstructorSite.java:108)\n\tat org.codehaus.groovy.runtime.callsite.AbstractCallSite.callConstructor(AbstractCallSite.java:277)\n\tat io.restassured.internal.ResponseSpecificationImpl$HamcrestAssertionClosure.validate(ResponseSpecificationImpl.groovy:512)\n\tat io.restassured.internal.ResponseSpecificationImpl$HamcrestAssertionClosure$validate$1.call(Unknown Source)\n\tat io.restassured.internal.ResponseSpecificationImpl.validateResponseIfRequired(ResponseSpecificationImpl.groovy:696)\n\tat io.restassured.internal.ResponseSpecificationImpl.this$2$validateResponseIfRequired(ResponseSpecificationImpl.groovy)\n\tat jdk.internal.reflect.GeneratedMethodAccessor277.invoke(Unknown Source)\n\tat java.base/jdk.internal.reflect.DelegatingMethodAccessorImpl.invoke(DelegatingMethodAccessorImpl.java:43)\n\tat java.base/java.lang.reflect.Method.invoke(Method.java:568)\n\tat org.codehaus.groovy.runtime.callsite.PlainObjectMetaMethodSite.doInvoke(PlainObjectMetaMethodSite.java:43)\n\tat org.codehaus.groovy.runtime.callsite.PogoMetaMethodSite$PogoCachedMethodSiteNoUnwrapNoCoerce.invoke(PogoMetaMethodSite.java:198)\n\tat org.codehaus.groovy.runtime.callsite.PogoMetaMethodSite.callCurrent(PogoMetaMethodSite.java:62)\n\tat org.codehaus.groovy.runtime.callsite.AbstractCallSite.callCurrent(AbstractCallSite.java:185)\n\tat io.restassured.internal.ResponseSpecificationImpl.statusCode(ResponseSpecificationImpl.groovy:135)\n\tat io.restassured.specification.ResponseSpecification$statusCode$0.callCurrent(Unknown Source)\n\tat io.restassured.internal.ResponseSpecificationImpl.statusCode(ResponseSpecificationImpl.groovy:143)\n\tat io.restassured.internal.ValidatableResponseOptionsImpl.statusCode(ValidatableResponseOptionsImpl.java:89)\n\tat com.teamcity.api.requests.checked.CheckedBase.create(CheckedBase.java:25)\n\tat com.teamcity.api.BuildTypeTest.userCreatesTwoBuildTypesWithSameIdTest(BuildTypeTest.java:46)\n\tat java.base/jdk.internal.reflect.NativeMethodAccessorImpl.invoke0(Native Method)\n\tat java.base/jdk.internal.reflect.NativeMethodAccessorImpl.invoke(NativeMethodAccessorImpl.java:77)\n\tat java.base/jdk.internal.reflect.DelegatingMethodAccessorImpl.invoke(DelegatingMethodAccessorImpl.java:43)\n\tat java.base/java.lang.reflect.Method.invoke(Method.java:568)\n\tat org.testng.internal.invokers.MethodInvocationHelper.invokeMethod(MethodInvocationHelper.java:139)\n\tat org.testng.internal.invokers.TestInvoker.invokeMethod(TestInvoker.java:664)\n\tat org.testng.internal.invokers.TestInvoker.retryFailed(TestInvoker.java:248)\n\tat org.testng.internal.invokers.MethodRunner.runInSequence(MethodRunner.java:62)\n\tat org.testng.internal.invokers.TestInvoker$MethodInvocationAgent.invoke(TestInvoker.java:957)\n\tat org.testng.internal.invokers.TestInvoker.invokeTestMethods(TestInvoker.java:200)\n\tat org.testng.internal.invokers.TestMethodWorker.invokeTestMethods(TestMethodWorker.java:148)\n\tat org.testng.internal.invokers.TestMethodWorker.run(TestMethodWorker.java:128)\n\tat java.base/java.util.ArrayList.forEach(ArrayList.java:1511)\n\tat org.testng.TestRunner.privateRun(TestRunner.java:848)\n\tat org.testng.TestRunner.run(TestRunner.java:621)\n\tat org.testng.SuiteRunner.runTest(SuiteRunner.java:443)\n\tat org.testng.SuiteRunner.runSequentially(SuiteRunner.java:437)\n\tat org.testng.SuiteRunner.privateRun(SuiteRunner.java:397)\n\tat org.testng.SuiteRunner.run(SuiteRunner.java:336)\n\tat org.testng.SuiteRunnerWorker.runSuite(SuiteRunnerWorker.java:52)\n\tat org.testng.SuiteRunnerWorker.run(SuiteRunnerWorker.java:95)\n\tat org.testng.TestNG.runSuitesSequentially(TestNG.java:1280)\n\tat org.testng.TestNG.runSuitesLocally(TestNG.java:1200)\n\tat org.testng.TestNG.runSuites(TestNG.java:1114)\n\tat org.testng.TestNG.run(TestNG.java:1082)\n\tat org.apache.maven.surefire.testng.TestNGExecutor.run(TestNGExecutor.java:155)\n\tat org.apache.maven.surefire.testng.TestNGDirectoryTestSuite.executeMulti(TestNGDirectoryTestSuite.java:169)\n\tat org.apache.maven.surefire.testng.TestNGDirectoryTestSuite.execute(TestNGDirectoryTestSuite.java:88)\n\tat org.apache.maven.surefire.testng.TestNGProvider.invoke(TestNGProvider.java:137)\n\tat org.apache.maven.surefire.booter.ForkedBooter.runSuitesInProcess(ForkedBooter.java:385)\n\tat org.apache.maven.surefire.booter.ForkedBooter.execute(ForkedBooter.java:162)\n\tat org.apache.maven.surefire.booter.ForkedBooter.run(ForkedBooter.java:507)\n\tat org.apache.maven.surefire.booter.ForkedBooter.main(ForkedBooter.java:495)\n","flaky":false,"newFailed":true,"newBroken":false,"newPassed":false,"retriesCount":1,"retriesStatusChange":true,"beforeStages":[{"name":"generateBaseTestData","time":{"start":1706539207293,"stop":1706539207293,"duration":0},"description":"","status":"passed","steps":[],"attachments":[],"parameters":[],"shouldDisplayMessage":false,"stepsCount":0,"attachmentsCount":0,"hasContent":false}],"testStage":{"status":"failed","statusMessage":"1 expectation failed.\nExpected status code <200> but was <404>.\n","statusTrace":"java.lang.AssertionError: 1 expectation failed.\nExpected status code <200> but was <404>.\n\n\tat java.base/jdk.internal.reflect.NativeConstructorAccessorImpl.newInstance0(Native Method)\n\tat java.base/jdk.internal.reflect.NativeConstructorAccessorImpl.newInstance(NativeConstructorAccessorImpl.java:77)\n\tat java.base/jdk.internal.reflect.DelegatingConstructorAccessorImpl.newInstance(DelegatingConstructorAccessorImpl.java:45)\n\tat java.base/java.lang.reflect.Constructor.newInstanceWithCaller(Constructor.java:499)\n\tat java.base/java.lang.reflect.Constructor.newInstance(Constructor.java:480)\n\tat org.codehaus.groovy.reflection.CachedConstructor.invoke(CachedConstructor.java:73)\n\tat org.codehaus.groovy.runtime.callsite.ConstructorSite$ConstructorSiteNoUnwrapNoCoerce.callConstructor(ConstructorSite.java:108)\n\tat org.codehaus.groovy.runtime.callsite.AbstractCallSite.callConstructor(AbstractCallSite.java:277)\n\tat io.restassured.internal.ResponseSpecificationImpl$HamcrestAssertionClosure.validate(ResponseSpecificationImpl.groovy:512)\n\tat io.restassured.internal.ResponseSpecificationImpl$HamcrestAssertionClosure$validate$1.call(Unknown Source)\n\tat io.restassured.internal.ResponseSpecificationImpl.validateResponseIfRequired(ResponseSpecificationImpl.groovy:696)\n\tat io.restassured.internal.ResponseSpecificationImpl.this$2$validateResponseIfRequired(ResponseSpecificationImpl.groovy)\n\tat jdk.internal.reflect.GeneratedMethodAccessor277.invoke(Unknown Source)\n\tat java.base/jdk.internal.reflect.DelegatingMethodAccessorImpl.invoke(DelegatingMethodAccessorImpl.java:43)\n\tat java.base/java.lang.reflect.Method.invoke(Method.java:568)\n\tat org.codehaus.groovy.runtime.callsite.PlainObjectMetaMethodSite.doInvoke(PlainObjectMetaMethodSite.java:43)\n\tat org.codehaus.groovy.runtime.callsite.PogoMetaMethodSite$PogoCachedMethodSiteNoUnwrapNoCoerce.invoke(PogoMetaMethodSite.java:198)\n\tat org.codehaus.groovy.runtime.callsite.PogoMetaMethodSite.callCurrent(PogoMetaMethodSite.java:62)\n\tat org.codehaus.groovy.runtime.callsite.AbstractCallSite.callCurrent(AbstractCallSite.java:185)\n\tat io.restassured.internal.ResponseSpecificationImpl.statusCode(ResponseSpecificationImpl.groovy:135)\n\tat io.restassured.specification.ResponseSpecification$statusCode$0.callCurrent(Unknown Source)\n\tat io.restassured.internal.ResponseSpecificationImpl.statusCode(ResponseSpecificationImpl.groovy:143)\n\tat io.restassured.internal.ValidatableResponseOptionsImpl.statusCode(ValidatableResponseOptionsImpl.java:89)\n\tat com.teamcity.api.requests.checked.CheckedBase.create(CheckedBase.java:25)\n\tat com.teamcity.api.BuildTypeTest.userCreatesTwoBuildTypesWithSameIdTest(BuildTypeTest.java:46)\n\tat java.base/jdk.internal.reflect.NativeMethodAccessorImpl.invoke0(Native Method)\n\tat java.base/jdk.internal.reflect.NativeMethodAccessorImpl.invoke(NativeMethodAccessorImpl.java:77)\n\tat java.base/jdk.internal.reflect.DelegatingMethodAccessorImpl.invoke(DelegatingMethodAccessorImpl.java:43)\n\tat java.base/java.lang.reflect.Method.invoke(Method.java:568)\n\tat org.testng.internal.invokers.MethodInvocationHelper.invokeMethod(MethodInvocationHelper.java:139)\n\tat org.testng.internal.invokers.TestInvoker.invokeMethod(TestInvoker.java:664)\n\tat org.testng.internal.invokers.TestInvoker.retryFailed(TestInvoker.java:248)\n\tat org.testng.internal.invokers.MethodRunner.runInSequence(MethodRunner.java:62)\n\tat org.testng.internal.invokers.TestInvoker$MethodInvocationAgent.invoke(TestInvoker.java:957)\n\tat org.testng.internal.invokers.TestInvoker.invokeTestMethods(TestInvoker.java:200)\n\tat org.testng.internal.invokers.TestMethodWorker.invokeTestMethods(TestMethodWorker.java:148)\n\tat org.testng.internal.invokers.TestMethodWorker.run(TestMethodWorker.java:128)\n\tat java.base/java.util.ArrayList.forEach(ArrayList.java:1511)\n\tat org.testng.TestRunner.privateRun(TestRunner.java:848)\n\tat org.testng.TestRunner.run(TestRunner.java:621)\n\tat org.testng.SuiteRunner.runTest(SuiteRunner.java:443)\n\tat org.testng.SuiteRunner.runSequentially(SuiteRunner.java:437)\n\tat org.testng.SuiteRunner.privateRun(SuiteRunner.java:397)\n\tat org.testng.SuiteRunner.run(SuiteRunner.java:336)\n\tat org.testng.SuiteRunnerWorker.runSuite(SuiteRunnerWorker.java:52)\n\tat org.testng.SuiteRunnerWorker.run(SuiteRunnerWorker.java:95)\n\tat org.testng.TestNG.runSuitesSequentially(TestNG.java:1280)\n\tat org.testng.TestNG.runSuitesLocally(TestNG.java:1200)\n\tat org.testng.TestNG.runSuites(TestNG.java:1114)\n\tat org.testng.TestNG.run(TestNG.java:1082)\n\tat org.apache.maven.surefire.testng.TestNGExecutor.run(TestNGExecutor.java:155)\n\tat org.apache.maven.surefire.testng.TestNGDirectoryTestSuite.executeMulti(TestNGDirectoryTestSuite.java:169)\n\tat org.apache.maven.surefire.testng.TestNGDirectoryTestSuite.execute(TestNGDirectoryTestSuite.java:88)\n\tat org.apache.maven.surefire.testng.TestNGProvider.invoke(TestNGProvider.java:137)\n\tat org.apache.maven.surefire.booter.ForkedBooter.runSuitesInProcess(ForkedBooter.java:385)\n\tat org.apache.maven.surefire.booter.ForkedBooter.execute(ForkedBooter.java:162)\n\tat org.apache.maven.surefire.booter.ForkedBooter.run(ForkedBooter.java:507)\n\tat org.apache.maven.surefire.booter.ForkedBooter.main(ForkedBooter.java:495)\n","steps":[{"name":"Create User(id=null, username=test_GfQMcYdevn, email=test_ZTtAQQorWj, password=test_jYUZLZGACU, roles=Roles(role=[Role(roleId=SYSTEM_ADMIN, scope=g)]))","time":{"start":1706539207298,"stop":1706539207333,"duration":35},"status":"passed","steps":[],"attachments":[{"uid":"467b1e9b91191a66","name":"Request","source":"467b1e9b91191a66.html","type":"text/html","size":1390},{"uid":"c0314015837614bb","name":"HTTP/1.1 200 ","source":"c0314015837614bb.html","type":"text/html","size":2144}],"parameters":[{"name":"model","value":"User(id=null, username=test_GfQMcYdevn, email=test_ZTtAQQorWj, password=test_jYUZLZGACU, roles=Roles(role=[Role(roleId=SYSTEM_ADMIN, scope=g)]))"}],"shouldDisplayMessage":false,"stepsCount":0,"attachmentsCount":2,"hasContent":true},{"name":"Create NewProjectDescription(id=test_FvtOIBqONW, name=test_GcjnjJmaRq, parentProject=Project(id=null, name=null, locator=_Root))","time":{"start":1706539207336,"stop":1706539207362,"duration":26},"status":"passed","steps":[],"attachments":[{"uid":"d6f85a2144f59211","name":"Request","source":"d6f85a2144f59211.html","type":"text/html","size":1100},{"uid":"1cdde019cb3f5b65","name":"HTTP/1.1 200 ","source":"1cdde019cb3f5b65.html","type":"text/html","size":2225}],"parameters":[{"name":"model","value":"NewProjectDescription(id=test_FvtOIBqONW, name=test_GcjnjJmaRq, parentProject=Project(id=null, name=null, locator=_Root))"}],"shouldDisplayMessage":false,"stepsCount":0,"attachmentsCount":2,"hasContent":true},{"name":"Create BuildType(id=test_wYMqmPDGVS, name=test_AZmDWINqth, project=NewProjectDescription(id=test_bASSRhVJPh, name=test_NJkvRBSBnw, parentProject=Project(id=null, name=null, locator=_Root)), steps=Steps(step=[Step(name=test_lrIYXyBaxZ, type=simpleRunner, properties=Properties(property=[Property(name=null, value=null)]))]))","time":{"start":1706539207370,"stop":1706539207401,"duration":31},"status":"passed","steps":[],"attachments":[{"uid":"a7bcb39e0a767cf4","name":"Request","source":"a7bcb39e0a767cf4.html","type":"text/html","size":2454},{"uid":"573527315c29ba28","name":"HTTP/1.1 404 ","source":"573527315c29ba28.html","type":"text/html","size":940}],"parameters":[{"name":"model","value":"BuildType(id=test_wYMqmPDGVS, name=test_AZmDWINqth, project=NewProjectDescription(id=test_bASSRhVJPh, name=test_NJkvRBSBnw, parentProject=Project(id=null, name=null, locator=_Root)), steps=Steps(step=[Step(name=test_lrIYXyBaxZ, type=simpleRunner, properties=Properties(property=[Property(name=null, value=null)]))]))"}],"shouldDisplayMessage":false,"stepsCount":0,"attachmentsCount":2,"hasContent":true}],"attachments":[],"parameters":[],"shouldDisplayMessage":true,"stepsCount":3,"attachmentsCount":6,"hasContent":true},"afterStages":[{"name":"deleteCreatedEntities","time":{"start":1706539207403,"stop":1706539207469,"duration":66},"description":"","status":"passed","steps":[{"name":"Delete 19","time":{"start":1706539207403,"stop":1706539207437,"duration":34},"status":"passed","steps":[],"attachments":[{"uid":"7a33dcf387710c7","name":"Request","source":"7a33dcf387710c7.html","type":"text/html","size":525},{"uid":"a0630e229697ca71","name":"HTTP/1.1 204 ","source":"a0630e229697ca71.html","type":"text/html","size":478}],"parameters":[{"name":"id","value":"19"}],"shouldDisplayMessage":false,"stepsCount":0,"attachmentsCount":2,"hasContent":true},{"name":"Delete test_FvtOIBqONW","time":{"start":1706539207437,"stop":1706539207469,"duration":32},"status":"passed","steps":[],"attachments":[{"uid":"7ab99c30151dbfba","name":"Request","source":"7ab99c30151dbfba.html","type":"text/html","size":557},{"uid":"edb69b4f91d779c","name":"HTTP/1.1 204 ","source":"edb69b4f91d779c.html","type":"text/html","size":478}],"parameters":[{"name":"id","value":"test_FvtOIBqONW"}],"shouldDisplayMessage":false,"stepsCount":0,"attachmentsCount":2,"hasContent":true}],"attachments":[],"parameters":[],"shouldDisplayMessage":false,"stepsCount":2,"attachmentsCount":4,"hasContent":true}],"labels":[{"name":"package","value":"com.teamcity.api.BuildTypeTest"},{"name":"testClass","value":"com.teamcity.api.BuildTypeTest"},{"name":"testMethod","value":"userCreatesTwoBuildTypesWithSameIdTest"},{"name":"parentSuite","value":"Surefire suite"},{"name":"suite","value":"Surefire test"},{"name":"subSuite","value":"com.teamcity.api.BuildTypeTest"},{"name":"host","value":"fv-az740-712"},{"name":"thread","value":"5887@fv-az740-712.main(1)"},{"name":"framework","value":"testng"},{"name":"language","value":"java"},{"name":"feature","value":"Build type"},{"name":"resultFormat","value":"allure2"}],"parameters":[],"links":[],"hidden":false,"retry":false,"extra":{"severity":"normal","retries":[{"uid":"d5de38d45e9e74d0","status":"skipped","statusDetails":"1 expectation failed.\nExpected status code <200> but was <404>.\n","time":{"start":1706539207087,"stop":1706539207256,"duration":169}}],"categories":[{"name":"Product defects","matchedStatuses":[],"flaky":false}],"history":{"statistic":{"failed":1,"broken":0,"skipped":0,"passed":5,"unknown":0,"total":6},"items":[{"uid":"f32653306e485094","reportUrl":"https://ex-elias.github.io/workshop/46//#testresult/f32653306e485094","status":"passed","time":{"start":1704652667148,"stop":1704652667453,"duration":305}},{"uid":"e5d4ab3ce6f67b73","reportUrl":"https://ex-elias.github.io/workshop/45//#testresult/e5d4ab3ce6f67b73","status":"passed","time":{"start":1704650490235,"stop":1704650490450,"duration":215}},{"uid":"32a90c94b8cdada5","reportUrl":"https://ex-elias.github.io/workshop/44//#testresult/32a90c94b8cdada5","status":"passed","time":{"start":1704647474180,"stop":1704647474481,"duration":301}},{"uid":"fc3b37b37fb390f3","reportUrl":"https://ex-elias.github.io/workshop/43//#testresult/fc3b37b37fb390f3","status":"passed","time":{"start":1704646045822,"stop":1704646046054,"duration":232}},{"uid":"8f0ab15c9197eb2b","reportUrl":"https://elias-qa.github.io/workshop/42//#testresult/8f0ab15c9197eb2b","status":"passed","time":{"start":1704641795858,"stop":1704641796310,"duration":452}}]},"tags":[]},"source":"9e57eb23ff08300a.json","parameterValues":[]}