{"uid":"c301910214caea01","name":"User should be able to create project","fullName":"com.teamcity.api.ProjectTest.userCreatesProjectTest","historyId":"6929a2ce1f903ae514125473f8a0fd8c","time":{"start":1706539208130,"stop":1706539208224,"duration":94},"status":"broken","statusMessage":"class com.teamcity.api.models.Project cannot be cast to class com.teamcity.api.models.NewProjectDescription (com.teamcity.api.models.Project and com.teamcity.api.models.NewProjectDescription are in unnamed module of loader 'app')","statusTrace":"java.lang.ClassCastException: class com.teamcity.api.models.Project cannot be cast to class com.teamcity.api.models.NewProjectDescription (com.teamcity.api.models.Project and com.teamcity.api.models.NewProjectDescription are in unnamed module of loader 'app')\n\tat com.teamcity.api.ProjectTest.userCreatesProjectTest(ProjectTest.java:28)\n\tat java.base/jdk.internal.reflect.NativeMethodAccessorImpl.invoke0(Native Method)\n\tat java.base/jdk.internal.reflect.NativeMethodAccessorImpl.invoke(NativeMethodAccessorImpl.java:77)\n\tat java.base/jdk.internal.reflect.DelegatingMethodAccessorImpl.invoke(DelegatingMethodAccessorImpl.java:43)\n\tat java.base/java.lang.reflect.Method.invoke(Method.java:568)\n\tat org.testng.internal.invokers.MethodInvocationHelper.invokeMethod(MethodInvocationHelper.java:139)\n\tat org.testng.internal.invokers.TestInvoker.invokeMethod(TestInvoker.java:664)\n\tat org.testng.internal.invokers.TestInvoker.retryFailed(TestInvoker.java:248)\n\tat org.testng.internal.invokers.MethodRunner.runInSequence(MethodRunner.java:62)\n\tat org.testng.internal.invokers.TestInvoker$MethodInvocationAgent.invoke(TestInvoker.java:957)\n\tat org.testng.internal.invokers.TestInvoker.invokeTestMethods(TestInvoker.java:200)\n\tat org.testng.internal.invokers.TestMethodWorker.invokeTestMethods(TestMethodWorker.java:148)\n\tat org.testng.internal.invokers.TestMethodWorker.run(TestMethodWorker.java:128)\n\tat java.base/java.util.ArrayList.forEach(ArrayList.java:1511)\n\tat org.testng.TestRunner.privateRun(TestRunner.java:848)\n\tat org.testng.TestRunner.run(TestRunner.java:621)\n\tat org.testng.SuiteRunner.runTest(SuiteRunner.java:443)\n\tat org.testng.SuiteRunner.runSequentially(SuiteRunner.java:437)\n\tat org.testng.SuiteRunner.privateRun(SuiteRunner.java:397)\n\tat org.testng.SuiteRunner.run(SuiteRunner.java:336)\n\tat org.testng.SuiteRunnerWorker.runSuite(SuiteRunnerWorker.java:52)\n\tat org.testng.SuiteRunnerWorker.run(SuiteRunnerWorker.java:95)\n\tat org.testng.TestNG.runSuitesSequentially(TestNG.java:1280)\n\tat org.testng.TestNG.runSuitesLocally(TestNG.java:1200)\n\tat org.testng.TestNG.runSuites(TestNG.java:1114)\n\tat org.testng.TestNG.run(TestNG.java:1082)\n\tat org.apache.maven.surefire.testng.TestNGExecutor.run(TestNGExecutor.java:155)\n\tat org.apache.maven.surefire.testng.TestNGDirectoryTestSuite.executeMulti(TestNGDirectoryTestSuite.java:169)\n\tat org.apache.maven.surefire.testng.TestNGDirectoryTestSuite.execute(TestNGDirectoryTestSuite.java:88)\n\tat org.apache.maven.surefire.testng.TestNGProvider.invoke(TestNGProvider.java:137)\n\tat org.apache.maven.surefire.booter.ForkedBooter.runSuitesInProcess(ForkedBooter.java:385)\n\tat org.apache.maven.surefire.booter.ForkedBooter.execute(ForkedBooter.java:162)\n\tat org.apache.maven.surefire.booter.ForkedBooter.run(ForkedBooter.java:507)\n\tat org.apache.maven.surefire.booter.ForkedBooter.main(ForkedBooter.java:495)\n","flaky":false,"newFailed":false,"newBroken":true,"newPassed":false,"retriesCount":1,"retriesStatusChange":true,"beforeStages":[{"name":"generateBaseTestData","time":{"start":1706539208128,"stop":1706539208129,"duration":1},"description":"","status":"passed","steps":[],"attachments":[],"parameters":[],"shouldDisplayMessage":false,"stepsCount":0,"attachmentsCount":0,"hasContent":false}],"testStage":{"status":"broken","statusMessage":"class com.teamcity.api.models.Project cannot be cast to class com.teamcity.api.models.NewProjectDescription (com.teamcity.api.models.Project and com.teamcity.api.models.NewProjectDescription are in unnamed module of loader 'app')","statusTrace":"java.lang.ClassCastException: class com.teamcity.api.models.Project cannot be cast to class com.teamcity.api.models.NewProjectDescription (com.teamcity.api.models.Project and com.teamcity.api.models.NewProjectDescription are in unnamed module of loader 'app')\n\tat com.teamcity.api.ProjectTest.userCreatesProjectTest(ProjectTest.java:28)\n\tat java.base/jdk.internal.reflect.NativeMethodAccessorImpl.invoke0(Native Method)\n\tat java.base/jdk.internal.reflect.NativeMethodAccessorImpl.invoke(NativeMethodAccessorImpl.java:77)\n\tat java.base/jdk.internal.reflect.DelegatingMethodAccessorImpl.invoke(DelegatingMethodAccessorImpl.java:43)\n\tat java.base/java.lang.reflect.Method.invoke(Method.java:568)\n\tat org.testng.internal.invokers.MethodInvocationHelper.invokeMethod(MethodInvocationHelper.java:139)\n\tat org.testng.internal.invokers.TestInvoker.invokeMethod(TestInvoker.java:664)\n\tat org.testng.internal.invokers.TestInvoker.retryFailed(TestInvoker.java:248)\n\tat org.testng.internal.invokers.MethodRunner.runInSequence(MethodRunner.java:62)\n\tat org.testng.internal.invokers.TestInvoker$MethodInvocationAgent.invoke(TestInvoker.java:957)\n\tat org.testng.internal.invokers.TestInvoker.invokeTestMethods(TestInvoker.java:200)\n\tat org.testng.internal.invokers.TestMethodWorker.invokeTestMethods(TestMethodWorker.java:148)\n\tat org.testng.internal.invokers.TestMethodWorker.run(TestMethodWorker.java:128)\n\tat java.base/java.util.ArrayList.forEach(ArrayList.java:1511)\n\tat org.testng.TestRunner.privateRun(TestRunner.java:848)\n\tat org.testng.TestRunner.run(TestRunner.java:621)\n\tat org.testng.SuiteRunner.runTest(SuiteRunner.java:443)\n\tat org.testng.SuiteRunner.runSequentially(SuiteRunner.java:437)\n\tat org.testng.SuiteRunner.privateRun(SuiteRunner.java:397)\n\tat org.testng.SuiteRunner.run(SuiteRunner.java:336)\n\tat org.testng.SuiteRunnerWorker.runSuite(SuiteRunnerWorker.java:52)\n\tat org.testng.SuiteRunnerWorker.run(SuiteRunnerWorker.java:95)\n\tat org.testng.TestNG.runSuitesSequentially(TestNG.java:1280)\n\tat org.testng.TestNG.runSuitesLocally(TestNG.java:1200)\n\tat org.testng.TestNG.runSuites(TestNG.java:1114)\n\tat org.testng.TestNG.run(TestNG.java:1082)\n\tat org.apache.maven.surefire.testng.TestNGExecutor.run(TestNGExecutor.java:155)\n\tat org.apache.maven.surefire.testng.TestNGDirectoryTestSuite.executeMulti(TestNGDirectoryTestSuite.java:169)\n\tat org.apache.maven.surefire.testng.TestNGDirectoryTestSuite.execute(TestNGDirectoryTestSuite.java:88)\n\tat org.apache.maven.surefire.testng.TestNGProvider.invoke(TestNGProvider.java:137)\n\tat org.apache.maven.surefire.booter.ForkedBooter.runSuitesInProcess(ForkedBooter.java:385)\n\tat org.apache.maven.surefire.booter.ForkedBooter.execute(ForkedBooter.java:162)\n\tat org.apache.maven.surefire.booter.ForkedBooter.run(ForkedBooter.java:507)\n\tat org.apache.maven.surefire.booter.ForkedBooter.main(ForkedBooter.java:495)\n","steps":[{"name":"Create User(id=null, username=test_mJMuOPiBCF, email=test_dAvFbGFAgH, password=test_XuxHJyFehx, roles=Roles(role=[Role(roleId=SYSTEM_ADMIN, scope=g)]))","time":{"start":1706539208130,"stop":1706539208178,"duration":48},"status":"passed","steps":[],"attachments":[{"uid":"95b13c5db3527da7","name":"Request","source":"95b13c5db3527da7.html","type":"text/html","size":1390},{"uid":"684ea773c918c6c6","name":"HTTP/1.1 200 ","source":"684ea773c918c6c6.html","type":"text/html","size":2144}],"parameters":[{"name":"model","value":"User(id=null, username=test_mJMuOPiBCF, email=test_dAvFbGFAgH, password=test_XuxHJyFehx, roles=Roles(role=[Role(roleId=SYSTEM_ADMIN, scope=g)]))"}],"shouldDisplayMessage":false,"stepsCount":0,"attachmentsCount":2,"hasContent":true},{"name":"Create NewProjectDescription(id=test_tUTntBmRwv, name=test_hILetKfmto, parentProject=Project(id=null, name=null, locator=_Root))","time":{"start":1706539208180,"stop":1706539208223,"duration":43},"status":"passed","steps":[],"attachments":[{"uid":"b0012e1c9d24ff1","name":"Request","source":"b0012e1c9d24ff1.html","type":"text/html","size":1122},{"uid":"55c7795de32983b4","name":"HTTP/1.1 200 ","source":"55c7795de32983b4.html","type":"text/html","size":2225}],"parameters":[{"name":"model","value":"NewProjectDescription(id=test_tUTntBmRwv, name=test_hILetKfmto, parentProject=Project(id=null, name=null, locator=_Root))"}],"shouldDisplayMessage":false,"stepsCount":0,"attachmentsCount":2,"hasContent":true}],"attachments":[],"parameters":[],"shouldDisplayMessage":true,"stepsCount":2,"attachmentsCount":4,"hasContent":true},"afterStages":[{"name":"deleteCreatedEntities","time":{"start":1706539208225,"stop":1706539208267,"duration":42},"description":"","status":"passed","steps":[{"name":"Delete 23","time":{"start":1706539208226,"stop":1706539208250,"duration":24},"status":"passed","steps":[],"attachments":[{"uid":"2e8433abde7e3c07","name":"Request","source":"2e8433abde7e3c07.html","type":"text/html","size":525},{"uid":"3f01caeec03d04c8","name":"HTTP/1.1 204 ","source":"3f01caeec03d04c8.html","type":"text/html","size":478}],"parameters":[{"name":"id","value":"23"}],"shouldDisplayMessage":false,"stepsCount":0,"attachmentsCount":2,"hasContent":true},{"name":"Delete test_tUTntBmRwv","time":{"start":1706539208251,"stop":1706539208267,"duration":16},"status":"passed","steps":[],"attachments":[{"uid":"fae22a069f944de1","name":"Request","source":"fae22a069f944de1.html","type":"text/html","size":557},{"uid":"be071472ff1ed102","name":"HTTP/1.1 204 ","source":"be071472ff1ed102.html","type":"text/html","size":478}],"parameters":[{"name":"id","value":"test_tUTntBmRwv"}],"shouldDisplayMessage":false,"stepsCount":0,"attachmentsCount":2,"hasContent":true}],"attachments":[],"parameters":[],"shouldDisplayMessage":false,"stepsCount":2,"attachmentsCount":4,"hasContent":true}],"labels":[{"name":"package","value":"com.teamcity.api.ProjectTest"},{"name":"testClass","value":"com.teamcity.api.ProjectTest"},{"name":"testMethod","value":"userCreatesProjectTest"},{"name":"parentSuite","value":"Surefire suite"},{"name":"suite","value":"Surefire test"},{"name":"subSuite","value":"com.teamcity.api.ProjectTest"},{"name":"host","value":"fv-az740-712"},{"name":"thread","value":"5887@fv-az740-712.main(1)"},{"name":"framework","value":"testng"},{"name":"language","value":"java"},{"name":"feature","value":"Project"},{"name":"resultFormat","value":"allure2"}],"parameters":[],"links":[],"hidden":false,"retry":false,"extra":{"severity":"normal","retries":[{"uid":"ddefe099a91c24e8","status":"skipped","statusDetails":"class com.teamcity.api.models.Project cannot be cast to class com.teamcity.api.models.NewProjectDescription (com.teamcity.api.models.Project and com.teamcity.api.models.NewProjectDescription are in unnamed module of loader 'app')","time":{"start":1706539207977,"stop":1706539208081,"duration":104}}],"categories":[{"name":"Test defects","matchedStatuses":[],"flaky":false}],"history":{"statistic":{"failed":0,"broken":1,"skipped":0,"passed":5,"unknown":0,"total":6},"items":[{"uid":"caff6d9b6ba0acde","reportUrl":"https://ex-elias.github.io/workshop/46//#testresult/caff6d9b6ba0acde","status":"passed","time":{"start":1704652668226,"stop":1704652668361,"duration":135}},{"uid":"7ed496e3c4c68ee1","reportUrl":"https://ex-elias.github.io/workshop/45//#testresult/7ed496e3c4c68ee1","status":"passed","time":{"start":1704650491107,"stop":1704650491340,"duration":233}},{"uid":"e5e823dd1df97a4b","reportUrl":"https://ex-elias.github.io/workshop/44//#testresult/e5e823dd1df97a4b","status":"passed","time":{"start":1704647475151,"stop":1704647475297,"duration":146}},{"uid":"c0e84bacaf69705d","reportUrl":"https://ex-elias.github.io/workshop/43//#testresult/c0e84bacaf69705d","status":"passed","time":{"start":1704646046739,"stop":1704646046877,"duration":138}},{"uid":"562265fd4163867","reportUrl":"https://elias-qa.github.io/workshop/42//#testresult/562265fd4163867","status":"passed","time":{"start":1704641797366,"stop":1704641797550,"duration":184}}]},"tags":[]},"source":"c301910214caea01.json","parameterValues":[]}