{"uid":"76e48c1ca36d666b","name":"User should be able to create build type step and start build","fullName":"com.teamcity.ui.StartBuildTest.userCreatesBuildTypeStepAndStartsBuildTest","historyId":"f35e5b56fe2a6d31e145786e1470f5af","time":{"start":1726152619543,"stop":1726152629911,"duration":10368},"status":"failed","statusMessage":"Invalid element state [[data-test~='runner-item'].findBy(text \"Command Line\")]: Element <tr class=\"SelectBuildRunners__listItem--r8\"> could not be scrolled into view\nScreenshot: file:/home/runner/work/teamcity/teamcity/target/reports/tests/1726152629595.1.png\nPage source: file:/home/runner/work/teamcity/teamcity/target/reports/tests/1726152629595.1.html\nTimeout: 4 s.\nCaused by: ElementNotInteractableException: Element <tr class=\"SelectBuildRunners__listItem--r8\"> could not be scrolled into view","statusTrace":"Invalid element state [[data-test~='runner-item'].findBy(text \"Command Line\")]: Element <tr class=\"SelectBuildRunners__listItem--r8\"> could not be scrolled into view\nScreenshot: file:/home/runner/work/teamcity/teamcity/target/reports/tests/1726152629595.1.png\nPage source: file:/home/runner/work/teamcity/teamcity/target/reports/tests/1726152629595.1.html\nTimeout: 4 s.\nCaused by: ElementNotInteractableException: Element <tr class=\"SelectBuildRunners__listItem--r8\"> could not be scrolled into view\n\tat com.codeborne.selenide.impl.ExceptionWrapper.wrap(ExceptionWrapper.java:26)\n\tat com.codeborne.selenide.impl.SelenideElementProxy.dispatchAndRetry(SelenideElementProxy.java:156)\n\tat com.codeborne.selenide.impl.SelenideElementProxy.invoke(SelenideElementProxy.java:86)\n\tat jdk.proxy2/jdk.proxy2.$Proxy52.click(Unknown Source)\n\tat com.teamcity.ui.pages.admin.CreateBuildTypeStepPage.createCommandLineBuildStep(CreateBuildTypeStepPage.java:38)\n\tat com.teamcity.ui.StartBuildTest.userCreatesBuildTypeStepAndStartsBuildTest(StartBuildTest.java:25)\n\tat java.base/jdk.internal.reflect.NativeMethodAccessorImpl.invoke0(Native Method)\n\tat java.base/jdk.internal.reflect.NativeMethodAccessorImpl.invoke(NativeMethodAccessorImpl.java:77)\n\tat java.base/jdk.internal.reflect.DelegatingMethodAccessorImpl.invoke(DelegatingMethodAccessorImpl.java:43)\n\tat java.base/java.lang.reflect.Method.invoke(Method.java:569)\n\tat org.testng.internal.invokers.MethodInvocationHelper.invokeMethod(MethodInvocationHelper.java:141)\n\tat org.testng.internal.invokers.TestInvoker.invokeMethod(TestInvoker.java:686)\n\tat org.testng.internal.invokers.TestInvoker.retryFailed(TestInvoker.java:269)\n\tat org.testng.internal.invokers.MethodRunner.runInSequence(MethodRunner.java:76)\n\tat org.testng.internal.invokers.TestInvoker$MethodInvocationAgent.invoke(TestInvoker.java:992)\n\tat org.testng.internal.invokers.TestInvoker.invokeTestMethods(TestInvoker.java:203)\n\tat org.testng.internal.invokers.TestMethodWorker.invokeTestMethods(TestMethodWorker.java:154)\n\tat org.testng.internal.invokers.TestMethodWorker.run(TestMethodWorker.java:134)\n\tat java.base/java.util.ArrayList.forEach(ArrayList.java:1511)\n\tat org.testng.TestRunner.privateRun(TestRunner.java:739)\n\tat org.testng.TestRunner.run(TestRunner.java:614)\n\tat org.testng.SuiteRunner.runTest(SuiteRunner.java:421)\n\tat org.testng.SuiteRunner.runSequentially(SuiteRunner.java:413)\n\tat org.testng.SuiteRunner.privateRun(SuiteRunner.java:373)\n\tat org.testng.SuiteRunner.run(SuiteRunner.java:312)\n\tat org.testng.SuiteRunnerWorker.runSuite(SuiteRunnerWorker.java:52)\n\tat org.testng.SuiteRunnerWorker.run(SuiteRunnerWorker.java:95)\n\tat org.testng.TestNG.runSuitesSequentially(TestNG.java:1274)\n\tat org.testng.TestNG.runSuitesLocally(TestNG.java:1208)\n\tat org.testng.TestNG.runSuites(TestNG.java:1112)\n\tat org.testng.TestNG.run(TestNG.java:1079)\n\tat org.apache.maven.surefire.testng.TestNGExecutor.run(TestNGExecutor.java:155)\n\tat org.apache.maven.surefire.testng.TestNGDirectoryTestSuite.executeMulti(TestNGDirectoryTestSuite.java:169)\n\tat org.apache.maven.surefire.testng.TestNGDirectoryTestSuite.execute(TestNGDirectoryTestSuite.java:88)\n\tat org.apache.maven.surefire.testng.TestNGProvider.invoke(TestNGProvider.java:137)\n\tat org.apache.maven.surefire.booter.ForkedBooter.runSuitesInProcess(ForkedBooter.java:385)\n\tat org.apache.maven.surefire.booter.ForkedBooter.execute(ForkedBooter.java:162)\n\tat org.apache.maven.surefire.booter.ForkedBooter.run(ForkedBooter.java:507)\n\tat org.apache.maven.surefire.booter.ForkedBooter.main(ForkedBooter.java:495)\nCaused by: org.openqa.selenium.ElementNotInteractableException: Element <tr class=\"SelectBuildRunners__listItem--r8\"> could not be scrolled into view\nBuild info: version: '4.24.0', revision: '748ffc9bc3'\nSystem info: os.name: 'Linux', os.arch: 'amd64', os.version: '6.5.0-1025-azure', java.version: '17.0.12'\nDriver info: org.openqa.selenium.remote.RemoteWebDriver\nCommand: [36f7eac4-6342-4568-8ef2-49bda059fbae, clickElement {id=207b364d-b8cb-4643-babd-d511002dbcf3}]\nCapabilities {acceptInsecureCerts: true, browserName: firefox, browserVersion: 122.0, moz:accessibilityChecks: false, moz:buildID: 20240118164516, moz:debuggerAddress: 127.0.0.1:9222, moz:geckodriverVersion: 0.34.0, moz:headless: false, moz:platformVersion: 6.5.0-1025-azure, moz:processID: 80, moz:profile: /tmp/rust_mozprofiletu1EvL, moz:shutdownTimeout: 60000, moz:webdriverClick: true, moz:windowless: false, pageLoadStrategy: normal, platformName: linux, proxy: Proxy(), se:cdp: ws://localhost:4444/devtool..., se:cdpVersion: 122.0, setWindowRect: true, strictFileInteractability: false, timeouts: {implicit: 0, pageLoad: 300000, script: 30000}, unhandledPromptBehavior: accept}\nElement: [[RemoteWebDriver: firefox on linux (36f7eac4-6342-4568-8ef2-49bda059fbae)] -> css selector: [data-test~='runner-item']]\nSession ID: 36f7eac4-6342-4568-8ef2-49bda059fbae\n\tat jdk.internal.reflect.GeneratedConstructorAccessor65.newInstance(Unknown Source)\n\tat java.base/jdk.internal.reflect.DelegatingConstructorAccessorImpl.newInstance(DelegatingConstructorAccessorImpl.java:45)\n\tat java.base/java.lang.reflect.Constructor.newInstanceWithCaller(Constructor.java:500)\n\tat java.base/java.lang.reflect.Constructor.newInstance(Constructor.java:481)\n\tat org.openqa.selenium.remote.ErrorCodec.decode(ErrorCodec.java:167)\n\tat org.openqa.selenium.remote.codec.w3c.W3CHttpResponseCodec.decode(W3CHttpResponseCodec.java:138)\n\tat org.openqa.selenium.remote.codec.w3c.W3CHttpResponseCodec.decode(W3CHttpResponseCodec.java:50)\n\tat org.openqa.selenium.remote.HttpCommandExecutor.execute(HttpCommandExecutor.java:190)\n\tat org.openqa.selenium.remote.RemoteWebDriver.execute(RemoteWebDriver.java:545)\n\tat org.openqa.selenium.remote.RemoteWebElement.execute(RemoteWebElement.java:223)\n\tat org.openqa.selenium.remote.RemoteWebElement.click(RemoteWebElement.java:76)\n\tat com.codeborne.selenide.commands.Click.defaultClick(Click.java:106)\n\tat com.codeborne.selenide.commands.Click.doClick(Click.java:83)\n\tat com.codeborne.selenide.commands.Click.click(Click.java:59)\n\tat com.codeborne.selenide.commands.Click.execute(Click.java:34)\n\tat com.codeborne.selenide.commands.Click.execute(Click.java:26)\n\tat com.codeborne.selenide.commands.Commands.execute(Commands.java:162)\n\tat com.codeborne.selenide.impl.SelenideElementProxy.dispatchAndRetry(SelenideElementProxy.java:134)\n\t... 37 more\n","flaky":false,"newFailed":true,"newBroken":false,"newPassed":false,"retriesCount":1,"retriesStatusChange":true,"beforeStages":[{"name":"generateBaseTestData","time":{"start":1726152619520,"stop":1726152619521,"duration":1},"description":"","status":"passed","steps":[],"attachments":[],"parameters":[],"shouldDisplayMessage":false,"stepsCount":0,"attachmentsCount":0,"hasContent":false}],"testStage":{"status":"failed","statusMessage":"Invalid element state [[data-test~='runner-item'].findBy(text \"Command Line\")]: Element <tr class=\"SelectBuildRunners__listItem--r8\"> could not be scrolled into view\nScreenshot: file:/home/runner/work/teamcity/teamcity/target/reports/tests/1726152629595.1.png\nPage source: file:/home/runner/work/teamcity/teamcity/target/reports/tests/1726152629595.1.html\nTimeout: 4 s.\nCaused by: ElementNotInteractableException: Element <tr class=\"SelectBuildRunners__listItem--r8\"> could not be scrolled into view","statusTrace":"Invalid element state [[data-test~='runner-item'].findBy(text \"Command Line\")]: Element <tr class=\"SelectBuildRunners__listItem--r8\"> could not be scrolled into view\nScreenshot: file:/home/runner/work/teamcity/teamcity/target/reports/tests/1726152629595.1.png\nPage source: file:/home/runner/work/teamcity/teamcity/target/reports/tests/1726152629595.1.html\nTimeout: 4 s.\nCaused by: ElementNotInteractableException: Element <tr class=\"SelectBuildRunners__listItem--r8\"> could not be scrolled into view\n\tat com.codeborne.selenide.impl.ExceptionWrapper.wrap(ExceptionWrapper.java:26)\n\tat com.codeborne.selenide.impl.SelenideElementProxy.dispatchAndRetry(SelenideElementProxy.java:156)\n\tat com.codeborne.selenide.impl.SelenideElementProxy.invoke(SelenideElementProxy.java:86)\n\tat jdk.proxy2/jdk.proxy2.$Proxy52.click(Unknown Source)\n\tat com.teamcity.ui.pages.admin.CreateBuildTypeStepPage.createCommandLineBuildStep(CreateBuildTypeStepPage.java:38)\n\tat com.teamcity.ui.StartBuildTest.userCreatesBuildTypeStepAndStartsBuildTest(StartBuildTest.java:25)\n\tat java.base/jdk.internal.reflect.NativeMethodAccessorImpl.invoke0(Native Method)\n\tat java.base/jdk.internal.reflect.NativeMethodAccessorImpl.invoke(NativeMethodAccessorImpl.java:77)\n\tat java.base/jdk.internal.reflect.DelegatingMethodAccessorImpl.invoke(DelegatingMethodAccessorImpl.java:43)\n\tat java.base/java.lang.reflect.Method.invoke(Method.java:569)\n\tat org.testng.internal.invokers.MethodInvocationHelper.invokeMethod(MethodInvocationHelper.java:141)\n\tat org.testng.internal.invokers.TestInvoker.invokeMethod(TestInvoker.java:686)\n\tat org.testng.internal.invokers.TestInvoker.retryFailed(TestInvoker.java:269)\n\tat org.testng.internal.invokers.MethodRunner.runInSequence(MethodRunner.java:76)\n\tat org.testng.internal.invokers.TestInvoker$MethodInvocationAgent.invoke(TestInvoker.java:992)\n\tat org.testng.internal.invokers.TestInvoker.invokeTestMethods(TestInvoker.java:203)\n\tat org.testng.internal.invokers.TestMethodWorker.invokeTestMethods(TestMethodWorker.java:154)\n\tat org.testng.internal.invokers.TestMethodWorker.run(TestMethodWorker.java:134)\n\tat java.base/java.util.ArrayList.forEach(ArrayList.java:1511)\n\tat org.testng.TestRunner.privateRun(TestRunner.java:739)\n\tat org.testng.TestRunner.run(TestRunner.java:614)\n\tat org.testng.SuiteRunner.runTest(SuiteRunner.java:421)\n\tat org.testng.SuiteRunner.runSequentially(SuiteRunner.java:413)\n\tat org.testng.SuiteRunner.privateRun(SuiteRunner.java:373)\n\tat org.testng.SuiteRunner.run(SuiteRunner.java:312)\n\tat org.testng.SuiteRunnerWorker.runSuite(SuiteRunnerWorker.java:52)\n\tat org.testng.SuiteRunnerWorker.run(SuiteRunnerWorker.java:95)\n\tat org.testng.TestNG.runSuitesSequentially(TestNG.java:1274)\n\tat org.testng.TestNG.runSuitesLocally(TestNG.java:1208)\n\tat org.testng.TestNG.runSuites(TestNG.java:1112)\n\tat org.testng.TestNG.run(TestNG.java:1079)\n\tat org.apache.maven.surefire.testng.TestNGExecutor.run(TestNGExecutor.java:155)\n\tat org.apache.maven.surefire.testng.TestNGDirectoryTestSuite.executeMulti(TestNGDirectoryTestSuite.java:169)\n\tat org.apache.maven.surefire.testng.TestNGDirectoryTestSuite.execute(TestNGDirectoryTestSuite.java:88)\n\tat org.apache.maven.surefire.testng.TestNGProvider.invoke(TestNGProvider.java:137)\n\tat org.apache.maven.surefire.booter.ForkedBooter.runSuitesInProcess(ForkedBooter.java:385)\n\tat org.apache.maven.surefire.booter.ForkedBooter.execute(ForkedBooter.java:162)\n\tat org.apache.maven.surefire.booter.ForkedBooter.run(ForkedBooter.java:507)\n\tat org.apache.maven.surefire.booter.ForkedBooter.main(ForkedBooter.java:495)\nCaused by: org.openqa.selenium.ElementNotInteractableException: Element <tr class=\"SelectBuildRunners__listItem--r8\"> could not be scrolled into view\nBuild info: version: '4.24.0', revision: '748ffc9bc3'\nSystem info: os.name: 'Linux', os.arch: 'amd64', os.version: '6.5.0-1025-azure', java.version: '17.0.12'\nDriver info: org.openqa.selenium.remote.RemoteWebDriver\nCommand: [36f7eac4-6342-4568-8ef2-49bda059fbae, clickElement {id=207b364d-b8cb-4643-babd-d511002dbcf3}]\nCapabilities {acceptInsecureCerts: true, browserName: firefox, browserVersion: 122.0, moz:accessibilityChecks: false, moz:buildID: 20240118164516, moz:debuggerAddress: 127.0.0.1:9222, moz:geckodriverVersion: 0.34.0, moz:headless: false, moz:platformVersion: 6.5.0-1025-azure, moz:processID: 80, moz:profile: /tmp/rust_mozprofiletu1EvL, moz:shutdownTimeout: 60000, moz:webdriverClick: true, moz:windowless: false, pageLoadStrategy: normal, platformName: linux, proxy: Proxy(), se:cdp: ws://localhost:4444/devtool..., se:cdpVersion: 122.0, setWindowRect: true, strictFileInteractability: false, timeouts: {implicit: 0, pageLoad: 300000, script: 30000}, unhandledPromptBehavior: accept}\nElement: [[RemoteWebDriver: firefox on linux (36f7eac4-6342-4568-8ef2-49bda059fbae)] -> css selector: [data-test~='runner-item']]\nSession ID: 36f7eac4-6342-4568-8ef2-49bda059fbae\n\tat jdk.internal.reflect.GeneratedConstructorAccessor65.newInstance(Unknown Source)\n\tat java.base/jdk.internal.reflect.DelegatingConstructorAccessorImpl.newInstance(DelegatingConstructorAccessorImpl.java:45)\n\tat java.base/java.lang.reflect.Constructor.newInstanceWithCaller(Constructor.java:500)\n\tat java.base/java.lang.reflect.Constructor.newInstance(Constructor.java:481)\n\tat org.openqa.selenium.remote.ErrorCodec.decode(ErrorCodec.java:167)\n\tat org.openqa.selenium.remote.codec.w3c.W3CHttpResponseCodec.decode(W3CHttpResponseCodec.java:138)\n\tat org.openqa.selenium.remote.codec.w3c.W3CHttpResponseCodec.decode(W3CHttpResponseCodec.java:50)\n\tat org.openqa.selenium.remote.HttpCommandExecutor.execute(HttpCommandExecutor.java:190)\n\tat org.openqa.selenium.remote.RemoteWebDriver.execute(RemoteWebDriver.java:545)\n\tat org.openqa.selenium.remote.RemoteWebElement.execute(RemoteWebElement.java:223)\n\tat org.openqa.selenium.remote.RemoteWebElement.click(RemoteWebElement.java:76)\n\tat com.codeborne.selenide.commands.Click.defaultClick(Click.java:106)\n\tat com.codeborne.selenide.commands.Click.doClick(Click.java:83)\n\tat com.codeborne.selenide.commands.Click.click(Click.java:59)\n\tat com.codeborne.selenide.commands.Click.execute(Click.java:34)\n\tat com.codeborne.selenide.commands.Click.execute(Click.java:26)\n\tat com.codeborne.selenide.commands.Commands.execute(Commands.java:162)\n\tat com.codeborne.selenide.impl.SelenideElementProxy.dispatchAndRetry(SelenideElementProxy.java:134)\n\t... 37 more\n","steps":[{"name":"Create NewProjectDescription(id=test_SDcVKLwSRx, name=test_siOVfaeWdE, parentProject=Project(id=null, name=null, locator=_Root))","time":{"start":1726152619543,"stop":1726152619584,"duration":41},"status":"passed","steps":[],"attachments":[{"uid":"919a6ee44a3196aa","name":"Request","source":"919a6ee44a3196aa.html","type":"text/html","size":1153},{"uid":"ccc88484561a2be7","name":"HTTP/1.1 200 ","source":"ccc88484561a2be7.html","type":"text/html","size":2225}],"parameters":[{"name":"model","value":"NewProjectDescription(id=test_SDcVKLwSRx, name=test_siOVfaeWdE, parentProject=Project(id=null, name=null, locator=_Root))"}],"shouldDisplayMessage":false,"stepsCount":0,"attachmentsCount":2,"hasContent":true},{"name":"Create BuildType(id=test_LrmsIjQRAN, name=test_JGOLWwPxnb, project=Project(id=test_SDcVKLwSRx, name=test_siOVfaeWdE, locator=null), steps=null)","time":{"start":1726152619590,"stop":1726152619640,"duration":50},"status":"passed","steps":[],"attachments":[{"uid":"8557612dd5f0d077","name":"Request","source":"8557612dd5f0d077.html","type":"text/html","size":1269},{"uid":"51859bbc11eb4d6f","name":"HTTP/1.1 200 ","source":"51859bbc11eb4d6f.html","type":"text/html","size":2946}],"parameters":[{"name":"model","value":"BuildType(id=test_LrmsIjQRAN, name=test_JGOLWwPxnb, project=Project(id=test_SDcVKLwSRx, name=test_siOVfaeWdE, locator=null), steps=null)"}],"shouldDisplayMessage":false,"stepsCount":0,"attachmentsCount":2,"hasContent":true},{"name":"Create User(id=null, username=test_AOWRkUlJcw, email=test_LaAnzOqkYV, password=test_uQdXBjMxhP, roles=Roles(role=[Role(roleId=SYSTEM_ADMIN, scope=g)]))","time":{"start":1726152619646,"stop":1726152619687,"duration":41},"status":"passed","steps":[],"attachments":[{"uid":"f8ccf351afc85f93","name":"Request","source":"f8ccf351afc85f93.html","type":"text/html","size":1443},{"uid":"4025015185681c8d","name":"HTTP/1.1 200 ","source":"4025015185681c8d.html","type":"text/html","size":2140}],"parameters":[{"name":"model","value":"User(id=null, username=test_AOWRkUlJcw, email=test_LaAnzOqkYV, password=test_uQdXBjMxhP, roles=Roles(role=[Role(roleId=SYSTEM_ADMIN, scope=g)]))"}],"shouldDisplayMessage":false,"stepsCount":0,"attachmentsCount":2,"hasContent":true},{"name":"Open login page","time":{"start":1726152619690,"stop":1726152622829,"duration":3139},"status":"passed","steps":[{"name":"$(\"open\") http://172.17.0.1:8111/login.html","time":{"start":1726152619690,"stop":1726152622828,"duration":3138},"status":"passed","steps":[{"name":"$(\"webdriver\") create()","time":{"start":1726152619690,"stop":1726152622191,"duration":2501},"status":"passed","steps":[],"attachments":[],"parameters":[],"shouldDisplayMessage":false,"stepsCount":0,"attachmentsCount":0,"hasContent":false}],"attachments":[],"parameters":[],"shouldDisplayMessage":false,"stepsCount":1,"attachmentsCount":0,"hasContent":true}],"attachments":[],"parameters":[],"shouldDisplayMessage":false,"stepsCount":2,"attachmentsCount":0,"hasContent":true},{"name":"Login as test_AOWRkUlJcw","time":{"start":1726152622829,"stop":1726152624397,"duration":1568},"status":"passed","steps":[{"name":"$(\"#username\") val(test_AOWRkUlJcw)","time":{"start":1726152622829,"stop":1726152622991,"duration":162},"status":"passed","steps":[],"attachments":[],"parameters":[],"shouldDisplayMessage":false,"stepsCount":0,"attachmentsCount":0,"hasContent":false},{"name":"$(\"#password\") val(test_uQdXBjMxhP)","time":{"start":1726152622991,"stop":1726152623128,"duration":137},"status":"passed","steps":[],"attachments":[],"parameters":[],"shouldDisplayMessage":false,"stepsCount":0,"attachmentsCount":0,"hasContent":false},{"name":"$(\".loginButton\") click()","time":{"start":1726152623128,"stop":1726152623881,"duration":753},"status":"passed","steps":[],"attachments":[],"parameters":[],"shouldDisplayMessage":false,"stepsCount":0,"attachmentsCount":0,"hasContent":false},{"name":"$(\".MainPanel__router--gF > div\") should be([visible, 30 s.])","time":{"start":1726152623882,"stop":1726152624397,"duration":515},"status":"passed","steps":[],"attachments":[],"parameters":[],"shouldDisplayMessage":false,"stepsCount":0,"attachmentsCount":0,"hasContent":false}],"attachments":[],"parameters":[{"name":"user","value":"User(id=null, username=test_AOWRkUlJcw, email=test_LaAnzOqkYV, password=test_uQdXBjMxhP, roles=Roles(role=[Role(roleId=SYSTEM_ADMIN, scope=g)]))"}],"shouldDisplayMessage":false,"stepsCount":4,"attachmentsCount":0,"hasContent":true},{"name":"Open build type step creation page","time":{"start":1726152624397,"stop":1726152625553,"duration":1156},"status":"passed","steps":[{"name":"$(\"open\") http://172.17.0.1:8111/admin/editRunType.html?id=buildType:test_LrmsIjQRAN&runnerId=__NEW_RUNNER__","time":{"start":1726152624397,"stop":1726152625215,"duration":818},"status":"passed","steps":[],"attachments":[],"parameters":[],"shouldDisplayMessage":false,"stepsCount":0,"attachmentsCount":0,"hasContent":false},{"name":"$(\"[data-test~='runner-item-filter']\") should be([visible, 30 s.])","time":{"start":1726152625216,"stop":1726152625553,"duration":337},"status":"passed","steps":[],"attachments":[],"parameters":[],"shouldDisplayMessage":false,"stepsCount":0,"attachmentsCount":0,"hasContent":false}],"attachments":[],"parameters":[{"name":"buildTypeId","value":"test_LrmsIjQRAN"}],"shouldDisplayMessage":false,"stepsCount":2,"attachmentsCount":0,"hasContent":true},{"name":"Create command line build step","time":{"start":1726152625553,"stop":1726152629910,"duration":4357},"status":"failed","statusMessage":"Invalid element state [[data-test~='runner-item'].findBy(text \"Command Line\")]: Element <tr class=\"SelectBuildRunners__listItem--r8\"> could not be scrolled into view\nScreenshot: file:/home/runner/work/teamcity/teamcity/target/reports/tests/1726152629595.1.png\nPage source: file:/home/runner/work/teamcity/teamcity/target/reports/tests/1726152629595.1.html\nTimeout: 4 s.\nCaused by: ElementNotInteractableException: Element <tr class=\"SelectBuildRunners__listItem--r8\"> could not be scrolled into view","statusTrace":"Invalid element state [[data-test~='runner-item'].findBy(text \"Command Line\")]: Element <tr class=\"SelectBuildRunners__listItem--r8\"> could not be scrolled into view\nScreenshot: file:/home/runner/work/teamcity/teamcity/target/reports/tests/1726152629595.1.png\nPage source: file:/home/runner/work/teamcity/teamcity/target/reports/tests/1726152629595.1.html\nTimeout: 4 s.\nCaused by: ElementNotInteractableException: Element <tr class=\"SelectBuildRunners__listItem--r8\"> could not be scrolled into view\n\tat com.codeborne.selenide.impl.ExceptionWrapper.wrap(ExceptionWrapper.java:26)\n\tat com.codeborne.selenide.impl.SelenideElementProxy.dispatchAndRetry(SelenideElementProxy.java:156)\n\tat com.codeborne.selenide.impl.SelenideElementProxy.invoke(SelenideElementProxy.java:86)\n\tat jdk.proxy2/jdk.proxy2.$Proxy52.click(Unknown Source)\n\tat com.teamcity.ui.pages.admin.CreateBuildTypeStepPage.createCommandLineBuildStep(CreateBuildTypeStepPage.java:38)\n\tat com.teamcity.ui.StartBuildTest.userCreatesBuildTypeStepAndStartsBuildTest(StartBuildTest.java:25)\n\tat java.base/jdk.internal.reflect.NativeMethodAccessorImpl.invoke0(Native Method)\n\tat java.base/jdk.internal.reflect.NativeMethodAccessorImpl.invoke(NativeMethodAccessorImpl.java:77)\n\tat java.base/jdk.internal.reflect.DelegatingMethodAccessorImpl.invoke(DelegatingMethodAccessorImpl.java:43)\n\tat java.base/java.lang.reflect.Method.invoke(Method.java:569)\n\tat org.testng.internal.invokers.MethodInvocationHelper.invokeMethod(MethodInvocationHelper.java:141)\n\tat org.testng.internal.invokers.TestInvoker.invokeMethod(TestInvoker.java:686)\n\tat org.testng.internal.invokers.TestInvoker.retryFailed(TestInvoker.java:269)\n\tat org.testng.internal.invokers.MethodRunner.runInSequence(MethodRunner.java:76)\n\tat org.testng.internal.invokers.TestInvoker$MethodInvocationAgent.invoke(TestInvoker.java:992)\n\tat org.testng.internal.invokers.TestInvoker.invokeTestMethods(TestInvoker.java:203)\n\tat org.testng.internal.invokers.TestMethodWorker.invokeTestMethods(TestMethodWorker.java:154)\n\tat org.testng.internal.invokers.TestMethodWorker.run(TestMethodWorker.java:134)\n\tat java.base/java.util.ArrayList.forEach(ArrayList.java:1511)\n\tat org.testng.TestRunner.privateRun(TestRunner.java:739)\n\tat org.testng.TestRunner.run(TestRunner.java:614)\n\tat org.testng.SuiteRunner.runTest(SuiteRunner.java:421)\n\tat org.testng.SuiteRunner.runSequentially(SuiteRunner.java:413)\n\tat org.testng.SuiteRunner.privateRun(SuiteRunner.java:373)\n\tat org.testng.SuiteRunner.run(SuiteRunner.java:312)\n\tat org.testng.SuiteRunnerWorker.runSuite(SuiteRunnerWorker.java:52)\n\tat org.testng.SuiteRunnerWorker.run(SuiteRunnerWorker.java:95)\n\tat org.testng.TestNG.runSuitesSequentially(TestNG.java:1274)\n\tat org.testng.TestNG.runSuitesLocally(TestNG.java:1208)\n\tat org.testng.TestNG.runSuites(TestNG.java:1112)\n\tat org.testng.TestNG.run(TestNG.java:1079)\n\tat org.apache.maven.surefire.testng.TestNGExecutor.run(TestNGExecutor.java:155)\n\tat org.apache.maven.surefire.testng.TestNGDirectoryTestSuite.executeMulti(TestNGDirectoryTestSuite.java:169)\n\tat org.apache.maven.surefire.testng.TestNGDirectoryTestSuite.execute(TestNGDirectoryTestSuite.java:88)\n\tat org.apache.maven.surefire.testng.TestNGProvider.invoke(TestNGProvider.java:137)\n\tat org.apache.maven.surefire.booter.ForkedBooter.runSuitesInProcess(ForkedBooter.java:385)\n\tat org.apache.maven.surefire.booter.ForkedBooter.execute(ForkedBooter.java:162)\n\tat org.apache.maven.surefire.booter.ForkedBooter.run(ForkedBooter.java:507)\n\tat org.apache.maven.surefire.booter.ForkedBooter.main(ForkedBooter.java:495)\nCaused by: org.openqa.selenium.ElementNotInteractableException: Element <tr class=\"SelectBuildRunners__listItem--r8\"> could not be scrolled into view\nBuild info: version: '4.24.0', revision: '748ffc9bc3'\nSystem info: os.name: 'Linux', os.arch: 'amd64', os.version: '6.5.0-1025-azure', java.version: '17.0.12'\nDriver info: org.openqa.selenium.remote.RemoteWebDriver\nCommand: [36f7eac4-6342-4568-8ef2-49bda059fbae, clickElement {id=207b364d-b8cb-4643-babd-d511002dbcf3}]\nCapabilities {acceptInsecureCerts: true, browserName: firefox, browserVersion: 122.0, moz:accessibilityChecks: false, moz:buildID: 20240118164516, moz:debuggerAddress: 127.0.0.1:9222, moz:geckodriverVersion: 0.34.0, moz:headless: false, moz:platformVersion: 6.5.0-1025-azure, moz:processID: 80, moz:profile: /tmp/rust_mozprofiletu1EvL, moz:shutdownTimeout: 60000, moz:webdriverClick: true, moz:windowless: false, pageLoadStrategy: normal, platformName: linux, proxy: Proxy(), se:cdp: ws://localhost:4444/devtool..., se:cdpVersion: 122.0, setWindowRect: true, strictFileInteractability: false, timeouts: {implicit: 0, pageLoad: 300000, script: 30000}, unhandledPromptBehavior: accept}\nElement: [[RemoteWebDriver: firefox on linux (36f7eac4-6342-4568-8ef2-49bda059fbae)] -> css selector: [data-test~='runner-item']]\nSession ID: 36f7eac4-6342-4568-8ef2-49bda059fbae\n\tat jdk.internal.reflect.GeneratedConstructorAccessor65.newInstance(Unknown Source)\n\tat java.base/jdk.internal.reflect.DelegatingConstructorAccessorImpl.newInstance(DelegatingConstructorAccessorImpl.java:45)\n\tat java.base/java.lang.reflect.Constructor.newInstanceWithCaller(Constructor.java:500)\n\tat java.base/java.lang.reflect.Constructor.newInstance(Constructor.java:481)\n\tat org.openqa.selenium.remote.ErrorCodec.decode(ErrorCodec.java:167)\n\tat org.openqa.selenium.remote.codec.w3c.W3CHttpResponseCodec.decode(W3CHttpResponseCodec.java:138)\n\tat org.openqa.selenium.remote.codec.w3c.W3CHttpResponseCodec.decode(W3CHttpResponseCodec.java:50)\n\tat org.openqa.selenium.remote.HttpCommandExecutor.execute(HttpCommandExecutor.java:190)\n\tat org.openqa.selenium.remote.RemoteWebDriver.execute(RemoteWebDriver.java:545)\n\tat org.openqa.selenium.remote.RemoteWebElement.execute(RemoteWebElement.java:223)\n\tat org.openqa.selenium.remote.RemoteWebElement.click(RemoteWebElement.java:76)\n\tat com.codeborne.selenide.commands.Click.defaultClick(Click.java:106)\n\tat com.codeborne.selenide.commands.Click.doClick(Click.java:83)\n\tat com.codeborne.selenide.commands.Click.click(Click.java:59)\n\tat com.codeborne.selenide.commands.Click.execute(Click.java:34)\n\tat com.codeborne.selenide.commands.Click.execute(Click.java:26)\n\tat com.codeborne.selenide.commands.Commands.execute(Commands.java:162)\n\tat com.codeborne.selenide.impl.SelenideElementProxy.dispatchAndRetry(SelenideElementProxy.java:134)\n\t... 37 more\n","steps":[{"name":"$(\"[data-test~='runner-item'].findBy(text \"Command Line\")\") click()","time":{"start":1726152625553,"stop":1726152629909,"duration":4356},"status":"failed","statusMessage":"Invalid element state [[data-test~='runner-item'].findBy(text \"Command Line\")]: Element <tr class=\"SelectBuildRunners__listItem--r8\"> could not be scrolled into view\nScreenshot: file:/home/runner/work/teamcity/teamcity/target/reports/tests/1726152629595.1.png\nPage source: file:/home/runner/work/teamcity/teamcity/target/reports/tests/1726152629595.1.html\nTimeout: 4 s.\nCaused by: ElementNotInteractableException: Element <tr class=\"SelectBuildRunners__listItem--r8\"> could not be scrolled into view","statusTrace":"Invalid element state [[data-test~='runner-item'].findBy(text \"Command Line\")]: Element <tr class=\"SelectBuildRunners__listItem--r8\"> could not be scrolled into view\nScreenshot: file:/home/runner/work/teamcity/teamcity/target/reports/tests/1726152629595.1.png\nPage source: file:/home/runner/work/teamcity/teamcity/target/reports/tests/1726152629595.1.html\nTimeout: 4 s.\nCaused by: ElementNotInteractableException: Element <tr class=\"SelectBuildRunners__listItem--r8\"> could not be scrolled into view\n\tat com.codeborne.selenide.impl.ExceptionWrapper.wrap(ExceptionWrapper.java:26)\n\tat com.codeborne.selenide.impl.SelenideElementProxy.dispatchAndRetry(SelenideElementProxy.java:156)\n\tat com.codeborne.selenide.impl.SelenideElementProxy.invoke(SelenideElementProxy.java:86)\n\tat jdk.proxy2/jdk.proxy2.$Proxy52.click(Unknown Source)\n\tat com.teamcity.ui.pages.admin.CreateBuildTypeStepPage.createCommandLineBuildStep(CreateBuildTypeStepPage.java:38)\n\tat com.teamcity.ui.StartBuildTest.userCreatesBuildTypeStepAndStartsBuildTest(StartBuildTest.java:25)\n\tat java.base/jdk.internal.reflect.NativeMethodAccessorImpl.invoke0(Native Method)\n\tat java.base/jdk.internal.reflect.NativeMethodAccessorImpl.invoke(NativeMethodAccessorImpl.java:77)\n\tat java.base/jdk.internal.reflect.DelegatingMethodAccessorImpl.invoke(DelegatingMethodAccessorImpl.java:43)\n\tat java.base/java.lang.reflect.Method.invoke(Method.java:569)\n\tat org.testng.internal.invokers.MethodInvocationHelper.invokeMethod(MethodInvocationHelper.java:141)\n\tat org.testng.internal.invokers.TestInvoker.invokeMethod(TestInvoker.java:686)\n\tat org.testng.internal.invokers.TestInvoker.retryFailed(TestInvoker.java:269)\n\tat org.testng.internal.invokers.MethodRunner.runInSequence(MethodRunner.java:76)\n\tat org.testng.internal.invokers.TestInvoker$MethodInvocationAgent.invoke(TestInvoker.java:992)\n\tat org.testng.internal.invokers.TestInvoker.invokeTestMethods(TestInvoker.java:203)\n\tat org.testng.internal.invokers.TestMethodWorker.invokeTestMethods(TestMethodWorker.java:154)\n\tat org.testng.internal.invokers.TestMethodWorker.run(TestMethodWorker.java:134)\n\tat java.base/java.util.ArrayList.forEach(ArrayList.java:1511)\n\tat org.testng.TestRunner.privateRun(TestRunner.java:739)\n\tat org.testng.TestRunner.run(TestRunner.java:614)\n\tat org.testng.SuiteRunner.runTest(SuiteRunner.java:421)\n\tat org.testng.SuiteRunner.runSequentially(SuiteRunner.java:413)\n\tat org.testng.SuiteRunner.privateRun(SuiteRunner.java:373)\n\tat org.testng.SuiteRunner.run(SuiteRunner.java:312)\n\tat org.testng.SuiteRunnerWorker.runSuite(SuiteRunnerWorker.java:52)\n\tat org.testng.SuiteRunnerWorker.run(SuiteRunnerWorker.java:95)\n\tat org.testng.TestNG.runSuitesSequentially(TestNG.java:1274)\n\tat org.testng.TestNG.runSuitesLocally(TestNG.java:1208)\n\tat org.testng.TestNG.runSuites(TestNG.java:1112)\n\tat org.testng.TestNG.run(TestNG.java:1079)\n\tat org.apache.maven.surefire.testng.TestNGExecutor.run(TestNGExecutor.java:155)\n\tat org.apache.maven.surefire.testng.TestNGDirectoryTestSuite.executeMulti(TestNGDirectoryTestSuite.java:169)\n\tat org.apache.maven.surefire.testng.TestNGDirectoryTestSuite.execute(TestNGDirectoryTestSuite.java:88)\n\tat org.apache.maven.surefire.testng.TestNGProvider.invoke(TestNGProvider.java:137)\n\tat org.apache.maven.surefire.booter.ForkedBooter.runSuitesInProcess(ForkedBooter.java:385)\n\tat org.apache.maven.surefire.booter.ForkedBooter.execute(ForkedBooter.java:162)\n\tat org.apache.maven.surefire.booter.ForkedBooter.run(ForkedBooter.java:507)\n\tat org.apache.maven.surefire.booter.ForkedBooter.main(ForkedBooter.java:495)\nCaused by: org.openqa.selenium.ElementNotInteractableException: Element <tr class=\"SelectBuildRunners__listItem--r8\"> could not be scrolled into view\nBuild info: version: '4.24.0', revision: '748ffc9bc3'\nSystem info: os.name: 'Linux', os.arch: 'amd64', os.version: '6.5.0-1025-azure', java.version: '17.0.12'\nDriver info: org.openqa.selenium.remote.RemoteWebDriver\nCommand: [36f7eac4-6342-4568-8ef2-49bda059fbae, clickElement {id=207b364d-b8cb-4643-babd-d511002dbcf3}]\nCapabilities {acceptInsecureCerts: true, browserName: firefox, browserVersion: 122.0, moz:accessibilityChecks: false, moz:buildID: 20240118164516, moz:debuggerAddress: 127.0.0.1:9222, moz:geckodriverVersion: 0.34.0, moz:headless: false, moz:platformVersion: 6.5.0-1025-azure, moz:processID: 80, moz:profile: /tmp/rust_mozprofiletu1EvL, moz:shutdownTimeout: 60000, moz:webdriverClick: true, moz:windowless: false, pageLoadStrategy: normal, platformName: linux, proxy: Proxy(), se:cdp: ws://localhost:4444/devtool..., se:cdpVersion: 122.0, setWindowRect: true, strictFileInteractability: false, timeouts: {implicit: 0, pageLoad: 300000, script: 30000}, unhandledPromptBehavior: accept}\nElement: [[RemoteWebDriver: firefox on linux (36f7eac4-6342-4568-8ef2-49bda059fbae)] -> css selector: [data-test~='runner-item']]\nSession ID: 36f7eac4-6342-4568-8ef2-49bda059fbae\n\tat jdk.internal.reflect.GeneratedConstructorAccessor65.newInstance(Unknown Source)\n\tat java.base/jdk.internal.reflect.DelegatingConstructorAccessorImpl.newInstance(DelegatingConstructorAccessorImpl.java:45)\n\tat java.base/java.lang.reflect.Constructor.newInstanceWithCaller(Constructor.java:500)\n\tat java.base/java.lang.reflect.Constructor.newInstance(Constructor.java:481)\n\tat org.openqa.selenium.remote.ErrorCodec.decode(ErrorCodec.java:167)\n\tat org.openqa.selenium.remote.codec.w3c.W3CHttpResponseCodec.decode(W3CHttpResponseCodec.java:138)\n\tat org.openqa.selenium.remote.codec.w3c.W3CHttpResponseCodec.decode(W3CHttpResponseCodec.java:50)\n\tat org.openqa.selenium.remote.HttpCommandExecutor.execute(HttpCommandExecutor.java:190)\n\tat org.openqa.selenium.remote.RemoteWebDriver.execute(RemoteWebDriver.java:545)\n\tat org.openqa.selenium.remote.RemoteWebElement.execute(RemoteWebElement.java:223)\n\tat org.openqa.selenium.remote.RemoteWebElement.click(RemoteWebElement.java:76)\n\tat com.codeborne.selenide.commands.Click.defaultClick(Click.java:106)\n\tat com.codeborne.selenide.commands.Click.doClick(Click.java:83)\n\tat com.codeborne.selenide.commands.Click.click(Click.java:59)\n\tat com.codeborne.selenide.commands.Click.execute(Click.java:34)\n\tat com.codeborne.selenide.commands.Click.execute(Click.java:26)\n\tat com.codeborne.selenide.commands.Commands.execute(Commands.java:162)\n\tat com.codeborne.selenide.impl.SelenideElementProxy.dispatchAndRetry(SelenideElementProxy.java:134)\n\t... 37 more\n","steps":[],"attachments":[{"uid":"8aa23fdcc9bcc591","name":"Screenshot","source":"8aa23fdcc9bcc591.png","type":"image/png","size":225313},{"uid":"4a8f8fb80057bf74","name":"Page source","source":"4a8f8fb80057bf74.html","type":"text/html","size":264571}],"parameters":[],"shouldDisplayMessage":true,"stepsCount":0,"attachmentsCount":2,"hasContent":true}],"attachments":[],"parameters":[{"name":"customScript","value":"echo 'Hello World!'"}],"shouldDisplayMessage":false,"stepsCount":1,"attachmentsCount":2,"hasContent":true}],"attachments":[],"parameters":[],"shouldDisplayMessage":false,"stepsCount":16,"attachmentsCount":8,"hasContent":true},"afterStages":[{"name":"closeWebDriver","time":{"start":1726152629917,"stop":1726152630709,"duration":792},"description":"","status":"passed","steps":[{"name":"$(\"webdriver\") close()","time":{"start":1726152629917,"stop":1726152630709,"duration":792},"status":"passed","steps":[],"attachments":[],"parameters":[],"shouldDisplayMessage":false,"stepsCount":0,"attachmentsCount":0,"hasContent":false}],"attachments":[],"parameters":[],"shouldDisplayMessage":false,"stepsCount":1,"attachmentsCount":0,"hasContent":true},{"name":"deleteCreatedEntities","time":{"start":1726152630710,"stop":1726152630813,"duration":103},"description":"","status":"passed","steps":[{"name":"Delete test_LrmsIjQRAN","time":{"start":1726152630711,"stop":1726152630748,"duration":37},"status":"passed","steps":[],"attachments":[{"uid":"a9302366f13a4b39","name":"Request","source":"a9302366f13a4b39.html","type":"text/html","size":602},{"uid":"d1b6bab158c2e4e4","name":"HTTP/1.1 204 ","source":"d1b6bab158c2e4e4.html","type":"text/html","size":478}],"parameters":[{"name":"id","value":"test_LrmsIjQRAN"}],"shouldDisplayMessage":false,"stepsCount":0,"attachmentsCount":2,"hasContent":true},{"name":"Delete 6","time":{"start":1726152630748,"stop":1726152630777,"duration":29},"status":"passed","steps":[],"attachments":[{"uid":"99db17087bfc56b4","name":"Request","source":"99db17087bfc56b4.html","type":"text/html","size":564},{"uid":"5875c9c59f630145","name":"HTTP/1.1 204 ","source":"5875c9c59f630145.html","type":"text/html","size":478}],"parameters":[{"name":"id","value":"6"}],"shouldDisplayMessage":false,"stepsCount":0,"attachmentsCount":2,"hasContent":true},{"name":"Delete test_SDcVKLwSRx","time":{"start":1726152630778,"stop":1726152630813,"duration":35},"status":"passed","steps":[],"attachments":[{"uid":"1b06576eddc0e4a8","name":"Request","source":"1b06576eddc0e4a8.html","type":"text/html","size":598},{"uid":"f7a109c63248efcc","name":"HTTP/1.1 204 ","source":"f7a109c63248efcc.html","type":"text/html","size":478}],"parameters":[{"name":"id","value":"test_SDcVKLwSRx"}],"shouldDisplayMessage":false,"stepsCount":0,"attachmentsCount":2,"hasContent":true}],"attachments":[],"parameters":[],"shouldDisplayMessage":false,"stepsCount":3,"attachmentsCount":6,"hasContent":true}],"labels":[{"name":"package","value":"com.teamcity.ui.StartBuildTest"},{"name":"testClass","value":"com.teamcity.ui.StartBuildTest"},{"name":"testMethod","value":"userCreatesBuildTypeStepAndStartsBuildTest"},{"name":"parentSuite","value":"Surefire suite"},{"name":"suite","value":"Surefire test"},{"name":"subSuite","value":"com.teamcity.ui.StartBuildTest"},{"name":"host","value":"fv-az1208-588"},{"name":"thread","value":"5610@fv-az1208-588.main(1)"},{"name":"framework","value":"testng"},{"name":"language","value":"java"},{"name":"feature","value":"Start build"},{"name":"resultFormat","value":"allure2"}],"parameters":[],"links":[],"hidden":false,"retry":false,"extra":{"severity":"normal","retries":[{"uid":"53c59763e5d10db7","status":"skipped","statusDetails":"Invalid element state [[data-test~='runner-item'].findBy(text \"Command Line\")]: Element <tr class=\"SelectBuildRunners__listItem--r8\"> could not be scrolled into view\nScreenshot: file:/home/runner/work/teamcity/teamcity/target/reports/tests/1726152618265.0.png\nPage source: file:/home/runner/work/teamcity/teamcity/target/reports/tests/1726152618265.0.html\nTimeout: 4 s.\nCaused by: ElementNotInteractableException: Element <tr class=\"SelectBuildRunners__listItem--r8\"> could not be scrolled into view","time":{"start":1726152606180,"stop":1726152618589,"duration":12409}}],"categories":[{"name":"Product defects","matchedStatuses":[],"flaky":false}],"history":{"statistic":{"failed":1,"broken":1,"skipped":0,"passed":53,"unknown":0,"total":55},"items":[{"uid":"36579651245dcdf9","reportUrl":"https://ilsilk.github.io/teamcity/ui/87//#testresult/36579651245dcdf9","status":"passed","time":{"start":1726152585314,"stop":1726152600465,"duration":15151}},{"uid":"83c448eaac8ec9cf","reportUrl":"https://ilsilk.github.io/teamcity/ui/85//#testresult/83c448eaac8ec9cf","status":"passed","time":{"start":1726149576104,"stop":1726149593168,"duration":17064}},{"uid":"624e17d56c8b588a","reportUrl":"https://ilsilk.github.io/teamcity/ui/84//#testresult/624e17d56c8b588a","status":"passed","time":{"start":1726090419232,"stop":1726090436095,"duration":16863}},{"uid":"a3e7791afd78c969","reportUrl":"https://ilsilk.github.io/teamcity/ui/83//#testresult/a3e7791afd78c969","status":"passed","time":{"start":1726067206246,"stop":1726067221174,"duration":14928}},{"uid":"29e862b0974a4622","reportUrl":"https://ilsilk.github.io/teamcity/ui/82//#testresult/29e862b0974a4622","status":"passed","time":{"start":1726066818482,"stop":1726066834546,"duration":16064}},{"uid":"26d909df9a795bfc","reportUrl":"https://ilsilk.github.io/teamcity/ui/81//#testresult/26d909df9a795bfc","status":"passed","time":{"start":1726066577070,"stop":1726066592926,"duration":15856}},{"uid":"210e368cb60b1bcc","reportUrl":"https://ilsilk.github.io/teamcity/ui/80//#testresult/210e368cb60b1bcc","status":"passed","time":{"start":1726066204915,"stop":1726066222095,"duration":17180}},{"uid":"f392da4f21e9ae29","reportUrl":"https://ilsilk.github.io/teamcity/ui/79//#testresult/f392da4f21e9ae29","status":"passed","time":{"start":1726066019833,"stop":1726066034650,"duration":14817}},{"uid":"8549fe31d58af3a","reportUrl":"https://ilsilk.github.io/teamcity/ui/78//#testresult/8549fe31d58af3a","status":"passed","time":{"start":1726046826462,"stop":1726046841102,"duration":14640}},{"uid":"3020dfe711f183da","reportUrl":"https://ilsilk.github.io/teamcity/ui/77//#testresult/3020dfe711f183da","status":"passed","time":{"start":1726045122574,"stop":1726045139529,"duration":16955}},{"uid":"56eea463fbbe967","reportUrl":"https://ilsilk.github.io/teamcity/ui/75//#testresult/56eea463fbbe967","status":"passed","time":{"start":1726033561832,"stop":1726033578293,"duration":16461}},{"uid":"78e9142aae97cac0","reportUrl":"https://ilsilk.github.io/teamcity/ui/74//#testresult/78e9142aae97cac0","status":"passed","time":{"start":1726005458417,"stop":1726005473429,"duration":15012}},{"uid":"ad47b11029d51dfa","reportUrl":"https://ilsilk.github.io/teamcity/ui/73//#testresult/ad47b11029d51dfa","status":"passed","time":{"start":1726004798711,"stop":1726004814864,"duration":16153}},{"uid":"d934d6feba0bca4f","reportUrl":"https://ilsilk.github.io/teamcity/ui/72//#testresult/d934d6feba0bca4f","status":"passed","time":{"start":1725996612568,"stop":1725996628135,"duration":15567}},{"uid":"ad15afce01848795","reportUrl":"https://ilsilk.github.io/teamcity/ui/71//#testresult/ad15afce01848795","status":"passed","time":{"start":1725996098189,"stop":1725996113134,"duration":14945}},{"uid":"46e2c1ccccebfa45","reportUrl":"https://ilsilk.github.io/teamcity/ui/70//#testresult/46e2c1ccccebfa45","status":"passed","time":{"start":1725827698715,"stop":1725827714443,"duration":15728}},{"uid":"47084647c76135b2","reportUrl":"https://ilsilk.github.io/teamcity/ui/69//#testresult/47084647c76135b2","status":"broken","statusDetails":"com.fasterxml.jackson.databind.exc.InvalidDefinitionException: Cannot construct instance of `com.teamcity.api.models.BaseModel` (no Creators, like default constructor, exist): abstract types either need to be mapped to concrete types, have custom deserializer, or contain additional type information\n at [Source: REDACTED (`StreamReadFeature.INCLUDE_SOURCE_IN_LOCATION` disabled); line: 1, column: 1]","time":{"start":1725825400080,"stop":1725825400158,"duration":78}},{"uid":"879ddd9be521691","reportUrl":"https://ilsilk.github.io/teamcity/ui/68//#testresult/879ddd9be521691","status":"passed","time":{"start":1725824355368,"stop":1725824372018,"duration":16650}},{"uid":"7882580b7fef10c5","reportUrl":"https://ilsilk.github.io/teamcity/ui/67//#testresult/7882580b7fef10c5","status":"passed","time":{"start":1725787189899,"stop":1725787205728,"duration":15829}},{"uid":"ef9ed7eb7d22180e","reportUrl":"https://ilsilk.github.io/teamcity/ui/66//#testresult/ef9ed7eb7d22180e","status":"passed","time":{"start":1725741892778,"stop":1725741908681,"duration":15903}}]},"tags":[]},"source":"76e48c1ca36d666b.json","parameterValues":[]}