{"uid":"b41e35b10036ca08","name":"Project admin should not be able to create build type for not their project","fullName":"com.teamcity.api.BuildTypeTest.projectAdminCreatesBuildTypeForAnotherUserProjectTest","historyId":"3a283eeb286d516d11287e42e4bf622","time":{"start":1706539984117,"stop":1706539984424,"duration":307},"status":"failed","statusMessage":"1 expectation failed.\nExpected status code <403> but was <404>.\n","statusTrace":"java.lang.AssertionError: 1 expectation failed.\nExpected status code <403> but was <404>.\n\n\tat java.base/jdk.internal.reflect.NativeConstructorAccessorImpl.newInstance0(Native Method)\n\tat java.base/jdk.internal.reflect.NativeConstructorAccessorImpl.newInstance(NativeConstructorAccessorImpl.java:77)\n\tat java.base/jdk.internal.reflect.DelegatingConstructorAccessorImpl.newInstance(DelegatingConstructorAccessorImpl.java:45)\n\tat java.base/java.lang.reflect.Constructor.newInstanceWithCaller(Constructor.java:499)\n\tat java.base/java.lang.reflect.Constructor.newInstance(Constructor.java:480)\n\tat org.codehaus.groovy.reflection.CachedConstructor.invoke(CachedConstructor.java:73)\n\tat org.codehaus.groovy.runtime.callsite.ConstructorSite$ConstructorSiteNoUnwrapNoCoerce.callConstructor(ConstructorSite.java:108)\n\tat org.codehaus.groovy.runtime.callsite.AbstractCallSite.callConstructor(AbstractCallSite.java:277)\n\tat io.restassured.internal.ResponseSpecificationImpl$HamcrestAssertionClosure.validate(ResponseSpecificationImpl.groovy:512)\n\tat io.restassured.internal.ResponseSpecificationImpl$HamcrestAssertionClosure$validate$1.call(Unknown Source)\n\tat io.restassured.internal.ResponseSpecificationImpl.validateResponseIfRequired(ResponseSpecificationImpl.groovy:696)\n\tat io.restassured.internal.ResponseSpecificationImpl.this$2$validateResponseIfRequired(ResponseSpecificationImpl.groovy)\n\tat jdk.internal.reflect.GeneratedMethodAccessor282.invoke(Unknown Source)\n\tat java.base/jdk.internal.reflect.DelegatingMethodAccessorImpl.invoke(DelegatingMethodAccessorImpl.java:43)\n\tat java.base/java.lang.reflect.Method.invoke(Method.java:568)\n\tat org.codehaus.groovy.runtime.callsite.PlainObjectMetaMethodSite.doInvoke(PlainObjectMetaMethodSite.java:43)\n\tat org.codehaus.groovy.runtime.callsite.PogoMetaMethodSite$PogoCachedMethodSiteNoUnwrapNoCoerce.invoke(PogoMetaMethodSite.java:198)\n\tat org.codehaus.groovy.runtime.callsite.PogoMetaMethodSite.callCurrent(PogoMetaMethodSite.java:62)\n\tat org.codehaus.groovy.runtime.callsite.AbstractCallSite.callCurrent(AbstractCallSite.java:185)\n\tat io.restassured.internal.ResponseSpecificationImpl.statusCode(ResponseSpecificationImpl.groovy:135)\n\tat io.restassured.specification.ResponseSpecification$statusCode$0.callCurrent(Unknown Source)\n\tat io.restassured.internal.ResponseSpecificationImpl.statusCode(ResponseSpecificationImpl.groovy:143)\n\tat io.restassured.internal.ValidatableResponseOptionsImpl.statusCode(ValidatableResponseOptionsImpl.java:89)\n\tat com.teamcity.api.BuildTypeTest.projectAdminCreatesBuildTypeForAnotherUserProjectTest(BuildTypeTest.java:142)\n\tat java.base/jdk.internal.reflect.NativeMethodAccessorImpl.invoke0(Native Method)\n\tat java.base/jdk.internal.reflect.NativeMethodAccessorImpl.invoke(NativeMethodAccessorImpl.java:77)\n\tat java.base/jdk.internal.reflect.DelegatingMethodAccessorImpl.invoke(DelegatingMethodAccessorImpl.java:43)\n\tat java.base/java.lang.reflect.Method.invoke(Method.java:568)\n\tat org.testng.internal.invokers.MethodInvocationHelper.invokeMethod(MethodInvocationHelper.java:139)\n\tat org.testng.internal.invokers.TestInvoker.invokeMethod(TestInvoker.java:664)\n\tat org.testng.internal.invokers.TestInvoker.retryFailed(TestInvoker.java:248)\n\tat org.testng.internal.invokers.MethodRunner.runInSequence(MethodRunner.java:62)\n\tat org.testng.internal.invokers.TestInvoker$MethodInvocationAgent.invoke(TestInvoker.java:957)\n\tat org.testng.internal.invokers.TestInvoker.invokeTestMethods(TestInvoker.java:200)\n\tat org.testng.internal.invokers.TestMethodWorker.invokeTestMethods(TestMethodWorker.java:148)\n\tat org.testng.internal.invokers.TestMethodWorker.run(TestMethodWorker.java:128)\n\tat java.base/java.util.ArrayList.forEach(ArrayList.java:1511)\n\tat org.testng.TestRunner.privateRun(TestRunner.java:848)\n\tat org.testng.TestRunner.run(TestRunner.java:621)\n\tat org.testng.SuiteRunner.runTest(SuiteRunner.java:443)\n\tat org.testng.SuiteRunner.runSequentially(SuiteRunner.java:437)\n\tat org.testng.SuiteRunner.privateRun(SuiteRunner.java:397)\n\tat org.testng.SuiteRunner.run(SuiteRunner.java:336)\n\tat org.testng.SuiteRunnerWorker.runSuite(SuiteRunnerWorker.java:52)\n\tat org.testng.SuiteRunnerWorker.run(SuiteRunnerWorker.java:95)\n\tat org.testng.TestNG.runSuitesSequentially(TestNG.java:1280)\n\tat org.testng.TestNG.runSuitesLocally(TestNG.java:1200)\n\tat org.testng.TestNG.runSuites(TestNG.java:1114)\n\tat org.testng.TestNG.run(TestNG.java:1082)\n\tat org.apache.maven.surefire.testng.TestNGExecutor.run(TestNGExecutor.java:155)\n\tat org.apache.maven.surefire.testng.TestNGDirectoryTestSuite.executeMulti(TestNGDirectoryTestSuite.java:169)\n\tat org.apache.maven.surefire.testng.TestNGDirectoryTestSuite.execute(TestNGDirectoryTestSuite.java:88)\n\tat org.apache.maven.surefire.testng.TestNGProvider.invoke(TestNGProvider.java:137)\n\tat org.apache.maven.surefire.booter.ForkedBooter.runSuitesInProcess(ForkedBooter.java:385)\n\tat org.apache.maven.surefire.booter.ForkedBooter.execute(ForkedBooter.java:162)\n\tat org.apache.maven.surefire.booter.ForkedBooter.run(ForkedBooter.java:507)\n\tat org.apache.maven.surefire.booter.ForkedBooter.main(ForkedBooter.java:495)\n","flaky":false,"newFailed":false,"newBroken":false,"newPassed":false,"retriesCount":1,"retriesStatusChange":true,"beforeStages":[{"name":"generateBaseTestData","time":{"start":1706539984116,"stop":1706539984116,"duration":0},"description":"","status":"passed","steps":[],"attachments":[],"parameters":[],"shouldDisplayMessage":false,"stepsCount":0,"attachmentsCount":0,"hasContent":false}],"testStage":{"status":"failed","statusMessage":"1 expectation failed.\nExpected status code <403> but was <404>.\n","statusTrace":"java.lang.AssertionError: 1 expectation failed.\nExpected status code <403> but was <404>.\n\n\tat java.base/jdk.internal.reflect.NativeConstructorAccessorImpl.newInstance0(Native Method)\n\tat java.base/jdk.internal.reflect.NativeConstructorAccessorImpl.newInstance(NativeConstructorAccessorImpl.java:77)\n\tat java.base/jdk.internal.reflect.DelegatingConstructorAccessorImpl.newInstance(DelegatingConstructorAccessorImpl.java:45)\n\tat java.base/java.lang.reflect.Constructor.newInstanceWithCaller(Constructor.java:499)\n\tat java.base/java.lang.reflect.Constructor.newInstance(Constructor.java:480)\n\tat org.codehaus.groovy.reflection.CachedConstructor.invoke(CachedConstructor.java:73)\n\tat org.codehaus.groovy.runtime.callsite.ConstructorSite$ConstructorSiteNoUnwrapNoCoerce.callConstructor(ConstructorSite.java:108)\n\tat org.codehaus.groovy.runtime.callsite.AbstractCallSite.callConstructor(AbstractCallSite.java:277)\n\tat io.restassured.internal.ResponseSpecificationImpl$HamcrestAssertionClosure.validate(ResponseSpecificationImpl.groovy:512)\n\tat io.restassured.internal.ResponseSpecificationImpl$HamcrestAssertionClosure$validate$1.call(Unknown Source)\n\tat io.restassured.internal.ResponseSpecificationImpl.validateResponseIfRequired(ResponseSpecificationImpl.groovy:696)\n\tat io.restassured.internal.ResponseSpecificationImpl.this$2$validateResponseIfRequired(ResponseSpecificationImpl.groovy)\n\tat jdk.internal.reflect.GeneratedMethodAccessor282.invoke(Unknown Source)\n\tat java.base/jdk.internal.reflect.DelegatingMethodAccessorImpl.invoke(DelegatingMethodAccessorImpl.java:43)\n\tat java.base/java.lang.reflect.Method.invoke(Method.java:568)\n\tat org.codehaus.groovy.runtime.callsite.PlainObjectMetaMethodSite.doInvoke(PlainObjectMetaMethodSite.java:43)\n\tat org.codehaus.groovy.runtime.callsite.PogoMetaMethodSite$PogoCachedMethodSiteNoUnwrapNoCoerce.invoke(PogoMetaMethodSite.java:198)\n\tat org.codehaus.groovy.runtime.callsite.PogoMetaMethodSite.callCurrent(PogoMetaMethodSite.java:62)\n\tat org.codehaus.groovy.runtime.callsite.AbstractCallSite.callCurrent(AbstractCallSite.java:185)\n\tat io.restassured.internal.ResponseSpecificationImpl.statusCode(ResponseSpecificationImpl.groovy:135)\n\tat io.restassured.specification.ResponseSpecification$statusCode$0.callCurrent(Unknown Source)\n\tat io.restassured.internal.ResponseSpecificationImpl.statusCode(ResponseSpecificationImpl.groovy:143)\n\tat io.restassured.internal.ValidatableResponseOptionsImpl.statusCode(ValidatableResponseOptionsImpl.java:89)\n\tat com.teamcity.api.BuildTypeTest.projectAdminCreatesBuildTypeForAnotherUserProjectTest(BuildTypeTest.java:142)\n\tat java.base/jdk.internal.reflect.NativeMethodAccessorImpl.invoke0(Native Method)\n\tat java.base/jdk.internal.reflect.NativeMethodAccessorImpl.invoke(NativeMethodAccessorImpl.java:77)\n\tat java.base/jdk.internal.reflect.DelegatingMethodAccessorImpl.invoke(DelegatingMethodAccessorImpl.java:43)\n\tat java.base/java.lang.reflect.Method.invoke(Method.java:568)\n\tat org.testng.internal.invokers.MethodInvocationHelper.invokeMethod(MethodInvocationHelper.java:139)\n\tat org.testng.internal.invokers.TestInvoker.invokeMethod(TestInvoker.java:664)\n\tat org.testng.internal.invokers.TestInvoker.retryFailed(TestInvoker.java:248)\n\tat org.testng.internal.invokers.MethodRunner.runInSequence(MethodRunner.java:62)\n\tat org.testng.internal.invokers.TestInvoker$MethodInvocationAgent.invoke(TestInvoker.java:957)\n\tat org.testng.internal.invokers.TestInvoker.invokeTestMethods(TestInvoker.java:200)\n\tat org.testng.internal.invokers.TestMethodWorker.invokeTestMethods(TestMethodWorker.java:148)\n\tat org.testng.internal.invokers.TestMethodWorker.run(TestMethodWorker.java:128)\n\tat java.base/java.util.ArrayList.forEach(ArrayList.java:1511)\n\tat org.testng.TestRunner.privateRun(TestRunner.java:848)\n\tat org.testng.TestRunner.run(TestRunner.java:621)\n\tat org.testng.SuiteRunner.runTest(SuiteRunner.java:443)\n\tat org.testng.SuiteRunner.runSequentially(SuiteRunner.java:437)\n\tat org.testng.SuiteRunner.privateRun(SuiteRunner.java:397)\n\tat org.testng.SuiteRunner.run(SuiteRunner.java:336)\n\tat org.testng.SuiteRunnerWorker.runSuite(SuiteRunnerWorker.java:52)\n\tat org.testng.SuiteRunnerWorker.run(SuiteRunnerWorker.java:95)\n\tat org.testng.TestNG.runSuitesSequentially(TestNG.java:1280)\n\tat org.testng.TestNG.runSuitesLocally(TestNG.java:1200)\n\tat org.testng.TestNG.runSuites(TestNG.java:1114)\n\tat org.testng.TestNG.run(TestNG.java:1082)\n\tat org.apache.maven.surefire.testng.TestNGExecutor.run(TestNGExecutor.java:155)\n\tat org.apache.maven.surefire.testng.TestNGDirectoryTestSuite.executeMulti(TestNGDirectoryTestSuite.java:169)\n\tat org.apache.maven.surefire.testng.TestNGDirectoryTestSuite.execute(TestNGDirectoryTestSuite.java:88)\n\tat org.apache.maven.surefire.testng.TestNGProvider.invoke(TestNGProvider.java:137)\n\tat org.apache.maven.surefire.booter.ForkedBooter.runSuitesInProcess(ForkedBooter.java:385)\n\tat org.apache.maven.surefire.booter.ForkedBooter.execute(ForkedBooter.java:162)\n\tat org.apache.maven.surefire.booter.ForkedBooter.run(ForkedBooter.java:507)\n\tat org.apache.maven.surefire.booter.ForkedBooter.main(ForkedBooter.java:495)\n","steps":[{"name":"Create NewProjectDescription(id=test_CHWkoczoeq, name=test_TnztSXyERP, parentProject=Project(id=null, name=null, locator=_Root))","time":{"start":1706539984118,"stop":1706539984168,"duration":50},"status":"passed","steps":[],"attachments":[{"uid":"7a0e2505415161b9","name":"Request","source":"7a0e2505415161b9.html","type":"text/html","size":1100},{"uid":"18c7cfb3f5a648cf","name":"HTTP/1.1 200 ","source":"18c7cfb3f5a648cf.html","type":"text/html","size":2225}],"parameters":[{"name":"model","value":"NewProjectDescription(id=test_CHWkoczoeq, name=test_TnztSXyERP, parentProject=Project(id=null, name=null, locator=_Root))"}],"shouldDisplayMessage":false,"stepsCount":0,"attachmentsCount":2,"hasContent":true},{"name":"Create NewProjectDescription(id=test_fCySiUuYna, name=test_xoBxkMXJAX, parentProject=Project(id=null, name=null, locator=_Root))","time":{"start":1706539984170,"stop":1706539984215,"duration":45},"status":"passed","steps":[],"attachments":[{"uid":"b8ce9c5776ffc310","name":"Request","source":"b8ce9c5776ffc310.html","type":"text/html","size":1100},{"uid":"fad4af26298f466c","name":"HTTP/1.1 200 ","source":"fad4af26298f466c.html","type":"text/html","size":2225}],"parameters":[{"name":"model","value":"NewProjectDescription(id=test_fCySiUuYna, name=test_xoBxkMXJAX, parentProject=Project(id=null, name=null, locator=_Root))"}],"shouldDisplayMessage":false,"stepsCount":0,"attachmentsCount":2,"hasContent":true},{"name":"Create User(id=null, username=test_EPRlENIeqr, email=test_gPnloonoyj, password=test_AsRWKKMgsq, roles=Roles(role=[Role(roleId=PROJECT_ADMIN, scope=p:test_CHWkoczoeq)]))","time":{"start":1706539984216,"stop":1706539984246,"duration":30},"status":"passed","steps":[],"attachments":[{"uid":"c2a3f660c1188cb1","name":"Request","source":"c2a3f660c1188cb1.html","type":"text/html","size":1424},{"uid":"728eeef18ca864e5","name":"HTTP/1.1 200 ","source":"728eeef18ca864e5.html","type":"text/html","size":2174}],"parameters":[{"name":"model","value":"User(id=null, username=test_EPRlENIeqr, email=test_gPnloonoyj, password=test_AsRWKKMgsq, roles=Roles(role=[Role(roleId=PROJECT_ADMIN, scope=p:test_CHWkoczoeq)]))"}],"shouldDisplayMessage":false,"stepsCount":0,"attachmentsCount":2,"hasContent":true},{"name":"Create User(id=null, username=test_iFOCsmgJSC, email=test_lrtVttClPZ, password=test_VwwdrWskIB, roles=Roles(role=[Role(roleId=PROJECT_ADMIN, scope=p:test_fCySiUuYna)]))","time":{"start":1706539984248,"stop":1706539984331,"duration":83},"status":"passed","steps":[],"attachments":[{"uid":"3404230a93e83f81","name":"Request","source":"3404230a93e83f81.html","type":"text/html","size":1424},{"uid":"ca3351b307c756ab","name":"HTTP/1.1 200 ","source":"ca3351b307c756ab.html","type":"text/html","size":2178}],"parameters":[{"name":"model","value":"User(id=null, username=test_iFOCsmgJSC, email=test_lrtVttClPZ, password=test_VwwdrWskIB, roles=Roles(role=[Role(roleId=PROJECT_ADMIN, scope=p:test_fCySiUuYna)]))"}],"shouldDisplayMessage":false,"stepsCount":0,"attachmentsCount":2,"hasContent":true},{"name":"Create BuildType(id=test_EtHBEHMSEP, name=test_zMgkPwKPjG, project=NewProjectDescription(id=test_mGGUueFhFu, name=test_ODSLzMABkv, parentProject=Project(id=null, name=null, locator=_Root)), steps=Steps(step=[Step(name=test_ouvCAreWIH, type=simpleRunner, properties=Properties(property=[Property(name=null, value=null)]))]))","time":{"start":1706539984339,"stop":1706539984423,"duration":84},"status":"passed","steps":[],"attachments":[{"uid":"613540fcb36b1b4f","name":"Request","source":"613540fcb36b1b4f.html","type":"text/html","size":2454},{"uid":"c3a31ebcdb0cd908","name":"HTTP/1.1 404 ","source":"c3a31ebcdb0cd908.html","type":"text/html","size":940}],"parameters":[{"name":"model","value":"BuildType(id=test_EtHBEHMSEP, name=test_zMgkPwKPjG, project=NewProjectDescription(id=test_mGGUueFhFu, name=test_ODSLzMABkv, parentProject=Project(id=null, name=null, locator=_Root)), steps=Steps(step=[Step(name=test_ouvCAreWIH, type=simpleRunner, properties=Properties(property=[Property(name=null, value=null)]))]))"}],"shouldDisplayMessage":false,"stepsCount":0,"attachmentsCount":2,"hasContent":true}],"attachments":[],"parameters":[],"shouldDisplayMessage":true,"stepsCount":5,"attachmentsCount":10,"hasContent":true},"afterStages":[{"name":"deleteCreatedEntities","time":{"start":1706539984427,"stop":1706539984548,"duration":121},"description":"","status":"passed","steps":[{"name":"Delete 9","time":{"start":1706539984428,"stop":1706539984458,"duration":30},"status":"passed","steps":[],"attachments":[{"uid":"55f2051a207234e4","name":"Request","source":"55f2051a207234e4.html","type":"text/html","size":523},{"uid":"d3c6446557c3ad8f","name":"HTTP/1.1 204 ","source":"d3c6446557c3ad8f.html","type":"text/html","size":478}],"parameters":[{"name":"id","value":"9"}],"shouldDisplayMessage":false,"stepsCount":0,"attachmentsCount":2,"hasContent":true},{"name":"Delete 10","time":{"start":1706539984459,"stop":1706539984489,"duration":30},"status":"passed","steps":[],"attachments":[{"uid":"683a334bc887e55c","name":"Request","source":"683a334bc887e55c.html","type":"text/html","size":525},{"uid":"50d59dd02443a294","name":"HTTP/1.1 204 ","source":"50d59dd02443a294.html","type":"text/html","size":478}],"parameters":[{"name":"id","value":"10"}],"shouldDisplayMessage":false,"stepsCount":0,"attachmentsCount":2,"hasContent":true},{"name":"Delete test_fCySiUuYna","time":{"start":1706539984489,"stop":1706539984525,"duration":36},"status":"passed","steps":[],"attachments":[{"uid":"778594b621b13d62","name":"Request","source":"778594b621b13d62.html","type":"text/html","size":557},{"uid":"a9ab18f1c45f6e0b","name":"HTTP/1.1 204 ","source":"a9ab18f1c45f6e0b.html","type":"text/html","size":478}],"parameters":[{"name":"id","value":"test_fCySiUuYna"}],"shouldDisplayMessage":false,"stepsCount":0,"attachmentsCount":2,"hasContent":true},{"name":"Delete test_CHWkoczoeq","time":{"start":1706539984526,"stop":1706539984548,"duration":22},"status":"passed","steps":[],"attachments":[{"uid":"9d69199e9ab86d4b","name":"Request","source":"9d69199e9ab86d4b.html","type":"text/html","size":557},{"uid":"6fddfd0dd30319e3","name":"HTTP/1.1 204 ","source":"6fddfd0dd30319e3.html","type":"text/html","size":478}],"parameters":[{"name":"id","value":"test_CHWkoczoeq"}],"shouldDisplayMessage":false,"stepsCount":0,"attachmentsCount":2,"hasContent":true}],"attachments":[],"parameters":[],"shouldDisplayMessage":false,"stepsCount":4,"attachmentsCount":8,"hasContent":true}],"labels":[{"name":"package","value":"com.teamcity.api.BuildTypeTest"},{"name":"testClass","value":"com.teamcity.api.BuildTypeTest"},{"name":"testMethod","value":"projectAdminCreatesBuildTypeForAnotherUserProjectTest"},{"name":"parentSuite","value":"Surefire suite"},{"name":"suite","value":"Surefire test"},{"name":"subSuite","value":"com.teamcity.api.BuildTypeTest"},{"name":"host","value":"fv-az801-550"},{"name":"thread","value":"5863@fv-az801-550.main(1)"},{"name":"framework","value":"testng"},{"name":"language","value":"java"},{"name":"feature","value":"Build type"},{"name":"resultFormat","value":"allure2"}],"parameters":[],"links":[],"hidden":false,"retry":false,"extra":{"severity":"normal","retries":[{"uid":"d584b97f253ad36a","status":"skipped","statusDetails":"1 expectation failed.\nExpected status code <403> but was <404>.\n","time":{"start":1706539983585,"stop":1706539983931,"duration":346}}],"categories":[{"name":"Product defects","matchedStatuses":[],"flaky":false}],"history":{"statistic":{"failed":2,"broken":0,"skipped":0,"passed":5,"unknown":0,"total":7},"items":[{"uid":"95ceb45abde8c9a","reportUrl":"https://ex-elias.github.io/workshop/47//#testresult/95ceb45abde8c9a","status":"failed","statusDetails":"1 expectation failed.\nExpected status code <403> but was <404>.\n","time":{"start":1706539205114,"stop":1706539205314,"duration":200}},{"uid":"78645d57c0eacbad","reportUrl":"https://ex-elias.github.io/workshop/46//#testresult/78645d57c0eacbad","status":"passed","time":{"start":1704652661544,"stop":1704652662615,"duration":1071}},{"uid":"96a4e7ece1c8bbb3","reportUrl":"https://ex-elias.github.io/workshop/45//#testresult/96a4e7ece1c8bbb3","status":"passed","time":{"start":1704650484389,"stop":1704650485595,"duration":1206}},{"uid":"8fb575b73a1f4db2","reportUrl":"https://ex-elias.github.io/workshop/44//#testresult/8fb575b73a1f4db2","status":"passed","time":{"start":1704647467484,"stop":1704647468896,"duration":1412}},{"uid":"7b5b85f1ce6cc3ba","reportUrl":"https://ex-elias.github.io/workshop/43//#testresult/7b5b85f1ce6cc3ba","status":"passed","time":{"start":1704646039941,"stop":1704646041196,"duration":1255}},{"uid":"63a0a880ea95bc97","reportUrl":"https://elias-qa.github.io/workshop/42//#testresult/63a0a880ea95bc97","status":"passed","time":{"start":1704641787124,"stop":1704641788813,"duration":1689}}]},"tags":[]},"source":"b41e35b10036ca08.json","parameterValues":[]}