{"uid":"f5826d3b18952143","name":"User should be able to delete build type","fullName":"com.teamcity.api.BuildTypeTest.userDeletesBuildTypeTest","historyId":"d8d537aecb11892f8ab610776f1f7281","time":{"start":1706539986362,"stop":1706539986446,"duration":84},"status":"failed","statusMessage":"1 expectation failed.\nExpected status code <200> but was <404>.\n","statusTrace":"java.lang.AssertionError: 1 expectation failed.\nExpected status code <200> but was <404>.\n\n\tat java.base/jdk.internal.reflect.NativeConstructorAccessorImpl.newInstance0(Native Method)\n\tat java.base/jdk.internal.reflect.NativeConstructorAccessorImpl.newInstance(NativeConstructorAccessorImpl.java:77)\n\tat java.base/jdk.internal.reflect.DelegatingConstructorAccessorImpl.newInstance(DelegatingConstructorAccessorImpl.java:45)\n\tat java.base/java.lang.reflect.Constructor.newInstanceWithCaller(Constructor.java:499)\n\tat java.base/java.lang.reflect.Constructor.newInstance(Constructor.java:480)\n\tat org.codehaus.groovy.reflection.CachedConstructor.invoke(CachedConstructor.java:73)\n\tat org.codehaus.groovy.runtime.callsite.ConstructorSite$ConstructorSiteNoUnwrapNoCoerce.callConstructor(ConstructorSite.java:108)\n\tat org.codehaus.groovy.runtime.callsite.AbstractCallSite.callConstructor(AbstractCallSite.java:277)\n\tat io.restassured.internal.ResponseSpecificationImpl$HamcrestAssertionClosure.validate(ResponseSpecificationImpl.groovy:512)\n\tat io.restassured.internal.ResponseSpecificationImpl$HamcrestAssertionClosure$validate$1.call(Unknown Source)\n\tat io.restassured.internal.ResponseSpecificationImpl.validateResponseIfRequired(ResponseSpecificationImpl.groovy:696)\n\tat io.restassured.internal.ResponseSpecificationImpl.this$2$validateResponseIfRequired(ResponseSpecificationImpl.groovy)\n\tat jdk.internal.reflect.GeneratedMethodAccessor282.invoke(Unknown Source)\n\tat java.base/jdk.internal.reflect.DelegatingMethodAccessorImpl.invoke(DelegatingMethodAccessorImpl.java:43)\n\tat java.base/java.lang.reflect.Method.invoke(Method.java:568)\n\tat org.codehaus.groovy.runtime.callsite.PlainObjectMetaMethodSite.doInvoke(PlainObjectMetaMethodSite.java:43)\n\tat org.codehaus.groovy.runtime.callsite.PogoMetaMethodSite$PogoCachedMethodSiteNoUnwrapNoCoerce.invoke(PogoMetaMethodSite.java:198)\n\tat org.codehaus.groovy.runtime.callsite.PogoMetaMethodSite.callCurrent(PogoMetaMethodSite.java:62)\n\tat org.codehaus.groovy.runtime.callsite.AbstractCallSite.callCurrent(AbstractCallSite.java:185)\n\tat io.restassured.internal.ResponseSpecificationImpl.statusCode(ResponseSpecificationImpl.groovy:135)\n\tat io.restassured.specification.ResponseSpecification$statusCode$0.callCurrent(Unknown Source)\n\tat io.restassured.internal.ResponseSpecificationImpl.statusCode(ResponseSpecificationImpl.groovy:143)\n\tat io.restassured.internal.ValidatableResponseOptionsImpl.statusCode(ValidatableResponseOptionsImpl.java:89)\n\tat com.teamcity.api.requests.checked.CheckedBase.create(CheckedBase.java:25)\n\tat com.teamcity.api.BuildTypeTest.userDeletesBuildTypeTest(BuildTypeTest.java:97)\n\tat java.base/jdk.internal.reflect.NativeMethodAccessorImpl.invoke0(Native Method)\n\tat java.base/jdk.internal.reflect.NativeMethodAccessorImpl.invoke(NativeMethodAccessorImpl.java:77)\n\tat java.base/jdk.internal.reflect.DelegatingMethodAccessorImpl.invoke(DelegatingMethodAccessorImpl.java:43)\n\tat java.base/java.lang.reflect.Method.invoke(Method.java:568)\n\tat org.testng.internal.invokers.MethodInvocationHelper.invokeMethod(MethodInvocationHelper.java:139)\n\tat org.testng.internal.invokers.TestInvoker.invokeMethod(TestInvoker.java:664)\n\tat org.testng.internal.invokers.TestInvoker.retryFailed(TestInvoker.java:248)\n\tat org.testng.internal.invokers.MethodRunner.runInSequence(MethodRunner.java:62)\n\tat org.testng.internal.invokers.TestInvoker$MethodInvocationAgent.invoke(TestInvoker.java:957)\n\tat org.testng.internal.invokers.TestInvoker.invokeTestMethods(TestInvoker.java:200)\n\tat org.testng.internal.invokers.TestMethodWorker.invokeTestMethods(TestMethodWorker.java:148)\n\tat org.testng.internal.invokers.TestMethodWorker.run(TestMethodWorker.java:128)\n\tat java.base/java.util.ArrayList.forEach(ArrayList.java:1511)\n\tat org.testng.TestRunner.privateRun(TestRunner.java:848)\n\tat org.testng.TestRunner.run(TestRunner.java:621)\n\tat org.testng.SuiteRunner.runTest(SuiteRunner.java:443)\n\tat org.testng.SuiteRunner.runSequentially(SuiteRunner.java:437)\n\tat org.testng.SuiteRunner.privateRun(SuiteRunner.java:397)\n\tat org.testng.SuiteRunner.run(SuiteRunner.java:336)\n\tat org.testng.SuiteRunnerWorker.runSuite(SuiteRunnerWorker.java:52)\n\tat org.testng.SuiteRunnerWorker.run(SuiteRunnerWorker.java:95)\n\tat org.testng.TestNG.runSuitesSequentially(TestNG.java:1280)\n\tat org.testng.TestNG.runSuitesLocally(TestNG.java:1200)\n\tat org.testng.TestNG.runSuites(TestNG.java:1114)\n\tat org.testng.TestNG.run(TestNG.java:1082)\n\tat org.apache.maven.surefire.testng.TestNGExecutor.run(TestNGExecutor.java:155)\n\tat org.apache.maven.surefire.testng.TestNGDirectoryTestSuite.executeMulti(TestNGDirectoryTestSuite.java:169)\n\tat org.apache.maven.surefire.testng.TestNGDirectoryTestSuite.execute(TestNGDirectoryTestSuite.java:88)\n\tat org.apache.maven.surefire.testng.TestNGProvider.invoke(TestNGProvider.java:137)\n\tat org.apache.maven.surefire.booter.ForkedBooter.runSuitesInProcess(ForkedBooter.java:385)\n\tat org.apache.maven.surefire.booter.ForkedBooter.execute(ForkedBooter.java:162)\n\tat org.apache.maven.surefire.booter.ForkedBooter.run(ForkedBooter.java:507)\n\tat org.apache.maven.surefire.booter.ForkedBooter.main(ForkedBooter.java:495)\n","flaky":false,"newFailed":false,"newBroken":false,"newPassed":false,"retriesCount":1,"retriesStatusChange":true,"beforeStages":[{"name":"generateBaseTestData","time":{"start":1706539986360,"stop":1706539986360,"duration":0},"description":"","status":"passed","steps":[],"attachments":[],"parameters":[],"shouldDisplayMessage":false,"stepsCount":0,"attachmentsCount":0,"hasContent":false}],"testStage":{"status":"failed","statusMessage":"1 expectation failed.\nExpected status code <200> but was <404>.\n","statusTrace":"java.lang.AssertionError: 1 expectation failed.\nExpected status code <200> but was <404>.\n\n\tat java.base/jdk.internal.reflect.NativeConstructorAccessorImpl.newInstance0(Native Method)\n\tat java.base/jdk.internal.reflect.NativeConstructorAccessorImpl.newInstance(NativeConstructorAccessorImpl.java:77)\n\tat java.base/jdk.internal.reflect.DelegatingConstructorAccessorImpl.newInstance(DelegatingConstructorAccessorImpl.java:45)\n\tat java.base/java.lang.reflect.Constructor.newInstanceWithCaller(Constructor.java:499)\n\tat java.base/java.lang.reflect.Constructor.newInstance(Constructor.java:480)\n\tat org.codehaus.groovy.reflection.CachedConstructor.invoke(CachedConstructor.java:73)\n\tat org.codehaus.groovy.runtime.callsite.ConstructorSite$ConstructorSiteNoUnwrapNoCoerce.callConstructor(ConstructorSite.java:108)\n\tat org.codehaus.groovy.runtime.callsite.AbstractCallSite.callConstructor(AbstractCallSite.java:277)\n\tat io.restassured.internal.ResponseSpecificationImpl$HamcrestAssertionClosure.validate(ResponseSpecificationImpl.groovy:512)\n\tat io.restassured.internal.ResponseSpecificationImpl$HamcrestAssertionClosure$validate$1.call(Unknown Source)\n\tat io.restassured.internal.ResponseSpecificationImpl.validateResponseIfRequired(ResponseSpecificationImpl.groovy:696)\n\tat io.restassured.internal.ResponseSpecificationImpl.this$2$validateResponseIfRequired(ResponseSpecificationImpl.groovy)\n\tat jdk.internal.reflect.GeneratedMethodAccessor282.invoke(Unknown Source)\n\tat java.base/jdk.internal.reflect.DelegatingMethodAccessorImpl.invoke(DelegatingMethodAccessorImpl.java:43)\n\tat java.base/java.lang.reflect.Method.invoke(Method.java:568)\n\tat org.codehaus.groovy.runtime.callsite.PlainObjectMetaMethodSite.doInvoke(PlainObjectMetaMethodSite.java:43)\n\tat org.codehaus.groovy.runtime.callsite.PogoMetaMethodSite$PogoCachedMethodSiteNoUnwrapNoCoerce.invoke(PogoMetaMethodSite.java:198)\n\tat org.codehaus.groovy.runtime.callsite.PogoMetaMethodSite.callCurrent(PogoMetaMethodSite.java:62)\n\tat org.codehaus.groovy.runtime.callsite.AbstractCallSite.callCurrent(AbstractCallSite.java:185)\n\tat io.restassured.internal.ResponseSpecificationImpl.statusCode(ResponseSpecificationImpl.groovy:135)\n\tat io.restassured.specification.ResponseSpecification$statusCode$0.callCurrent(Unknown Source)\n\tat io.restassured.internal.ResponseSpecificationImpl.statusCode(ResponseSpecificationImpl.groovy:143)\n\tat io.restassured.internal.ValidatableResponseOptionsImpl.statusCode(ValidatableResponseOptionsImpl.java:89)\n\tat com.teamcity.api.requests.checked.CheckedBase.create(CheckedBase.java:25)\n\tat com.teamcity.api.BuildTypeTest.userDeletesBuildTypeTest(BuildTypeTest.java:97)\n\tat java.base/jdk.internal.reflect.NativeMethodAccessorImpl.invoke0(Native Method)\n\tat java.base/jdk.internal.reflect.NativeMethodAccessorImpl.invoke(NativeMethodAccessorImpl.java:77)\n\tat java.base/jdk.internal.reflect.DelegatingMethodAccessorImpl.invoke(DelegatingMethodAccessorImpl.java:43)\n\tat java.base/java.lang.reflect.Method.invoke(Method.java:568)\n\tat org.testng.internal.invokers.MethodInvocationHelper.invokeMethod(MethodInvocationHelper.java:139)\n\tat org.testng.internal.invokers.TestInvoker.invokeMethod(TestInvoker.java:664)\n\tat org.testng.internal.invokers.TestInvoker.retryFailed(TestInvoker.java:248)\n\tat org.testng.internal.invokers.MethodRunner.runInSequence(MethodRunner.java:62)\n\tat org.testng.internal.invokers.TestInvoker$MethodInvocationAgent.invoke(TestInvoker.java:957)\n\tat org.testng.internal.invokers.TestInvoker.invokeTestMethods(TestInvoker.java:200)\n\tat org.testng.internal.invokers.TestMethodWorker.invokeTestMethods(TestMethodWorker.java:148)\n\tat org.testng.internal.invokers.TestMethodWorker.run(TestMethodWorker.java:128)\n\tat java.base/java.util.ArrayList.forEach(ArrayList.java:1511)\n\tat org.testng.TestRunner.privateRun(TestRunner.java:848)\n\tat org.testng.TestRunner.run(TestRunner.java:621)\n\tat org.testng.SuiteRunner.runTest(SuiteRunner.java:443)\n\tat org.testng.SuiteRunner.runSequentially(SuiteRunner.java:437)\n\tat org.testng.SuiteRunner.privateRun(SuiteRunner.java:397)\n\tat org.testng.SuiteRunner.run(SuiteRunner.java:336)\n\tat org.testng.SuiteRunnerWorker.runSuite(SuiteRunnerWorker.java:52)\n\tat org.testng.SuiteRunnerWorker.run(SuiteRunnerWorker.java:95)\n\tat org.testng.TestNG.runSuitesSequentially(TestNG.java:1280)\n\tat org.testng.TestNG.runSuitesLocally(TestNG.java:1200)\n\tat org.testng.TestNG.runSuites(TestNG.java:1114)\n\tat org.testng.TestNG.run(TestNG.java:1082)\n\tat org.apache.maven.surefire.testng.TestNGExecutor.run(TestNGExecutor.java:155)\n\tat org.apache.maven.surefire.testng.TestNGDirectoryTestSuite.executeMulti(TestNGDirectoryTestSuite.java:169)\n\tat org.apache.maven.surefire.testng.TestNGDirectoryTestSuite.execute(TestNGDirectoryTestSuite.java:88)\n\tat org.apache.maven.surefire.testng.TestNGProvider.invoke(TestNGProvider.java:137)\n\tat org.apache.maven.surefire.booter.ForkedBooter.runSuitesInProcess(ForkedBooter.java:385)\n\tat org.apache.maven.surefire.booter.ForkedBooter.execute(ForkedBooter.java:162)\n\tat org.apache.maven.surefire.booter.ForkedBooter.run(ForkedBooter.java:507)\n\tat org.apache.maven.surefire.booter.ForkedBooter.main(ForkedBooter.java:495)\n","steps":[{"name":"Create User(id=null, username=test_OqvUOWnNvp, email=test_SydWussMwH, password=test_yofunvFYEE, roles=Roles(role=[Role(roleId=SYSTEM_ADMIN, scope=g)]))","time":{"start":1706539986362,"stop":1706539986391,"duration":29},"status":"passed","steps":[],"attachments":[{"uid":"110c69537bc156ec","name":"Request","source":"110c69537bc156ec.html","type":"text/html","size":1390},{"uid":"60b07f9c02c1a734","name":"HTTP/1.1 200 ","source":"60b07f9c02c1a734.html","type":"text/html","size":2144}],"parameters":[{"name":"model","value":"User(id=null, username=test_OqvUOWnNvp, email=test_SydWussMwH, password=test_yofunvFYEE, roles=Roles(role=[Role(roleId=SYSTEM_ADMIN, scope=g)]))"}],"shouldDisplayMessage":false,"stepsCount":0,"attachmentsCount":2,"hasContent":true},{"name":"Create NewProjectDescription(id=test_urCXxFGfZG, name=test_uqnuhnsGum, parentProject=Project(id=null, name=null, locator=_Root))","time":{"start":1706539986393,"stop":1706539986411,"duration":18},"status":"passed","steps":[],"attachments":[{"uid":"9ee4c88b37a309af","name":"Request","source":"9ee4c88b37a309af.html","type":"text/html","size":1100},{"uid":"f5d3a6a0ee96ca0e","name":"HTTP/1.1 200 ","source":"f5d3a6a0ee96ca0e.html","type":"text/html","size":2225}],"parameters":[{"name":"model","value":"NewProjectDescription(id=test_urCXxFGfZG, name=test_uqnuhnsGum, parentProject=Project(id=null, name=null, locator=_Root))"}],"shouldDisplayMessage":false,"stepsCount":0,"attachmentsCount":2,"hasContent":true},{"name":"Create BuildType(id=test_adYpSGfmiE, name=test_gDGLmoXasw, project=NewProjectDescription(id=test_EYnYZcPknc, name=test_EDtWokVHMd, parentProject=Project(id=null, name=null, locator=_Root)), steps=Steps(step=[Step(name=test_RNaWVsMQNj, type=simpleRunner, properties=Properties(property=[Property(name=null, value=null)]))]))","time":{"start":1706539986412,"stop":1706539986442,"duration":30},"status":"passed","steps":[],"attachments":[{"uid":"72cdf844adfec42c","name":"Request","source":"72cdf844adfec42c.html","type":"text/html","size":2454},{"uid":"f2a5705fedbd6f17","name":"HTTP/1.1 404 ","source":"f2a5705fedbd6f17.html","type":"text/html","size":940}],"parameters":[{"name":"model","value":"BuildType(id=test_adYpSGfmiE, name=test_gDGLmoXasw, project=NewProjectDescription(id=test_EYnYZcPknc, name=test_EDtWokVHMd, parentProject=Project(id=null, name=null, locator=_Root)), steps=Steps(step=[Step(name=test_RNaWVsMQNj, type=simpleRunner, properties=Properties(property=[Property(name=null, value=null)]))]))"}],"shouldDisplayMessage":false,"stepsCount":0,"attachmentsCount":2,"hasContent":true}],"attachments":[],"parameters":[],"shouldDisplayMessage":true,"stepsCount":3,"attachmentsCount":6,"hasContent":true},"afterStages":[{"name":"deleteCreatedEntities","time":{"start":1706539986448,"stop":1706539986504,"duration":56},"description":"","status":"passed","steps":[{"name":"Delete 20","time":{"start":1706539986453,"stop":1706539986482,"duration":29},"status":"passed","steps":[],"attachments":[{"uid":"e6760fced03b7122","name":"Request","source":"e6760fced03b7122.html","type":"text/html","size":525},{"uid":"660a6eb24c8f58e1","name":"HTTP/1.1 204 ","source":"660a6eb24c8f58e1.html","type":"text/html","size":478}],"parameters":[{"name":"id","value":"20"}],"shouldDisplayMessage":false,"stepsCount":0,"attachmentsCount":2,"hasContent":true},{"name":"Delete test_urCXxFGfZG","time":{"start":1706539986483,"stop":1706539986504,"duration":21},"status":"passed","steps":[],"attachments":[{"uid":"6f21aa06737cfb6","name":"Request","source":"6f21aa06737cfb6.html","type":"text/html","size":557},{"uid":"1281032a3c5be471","name":"HTTP/1.1 204 ","source":"1281032a3c5be471.html","type":"text/html","size":478}],"parameters":[{"name":"id","value":"test_urCXxFGfZG"}],"shouldDisplayMessage":false,"stepsCount":0,"attachmentsCount":2,"hasContent":true}],"attachments":[],"parameters":[],"shouldDisplayMessage":false,"stepsCount":2,"attachmentsCount":4,"hasContent":true}],"labels":[{"name":"package","value":"com.teamcity.api.BuildTypeTest"},{"name":"testClass","value":"com.teamcity.api.BuildTypeTest"},{"name":"testMethod","value":"userDeletesBuildTypeTest"},{"name":"parentSuite","value":"Surefire suite"},{"name":"suite","value":"Surefire test"},{"name":"subSuite","value":"com.teamcity.api.BuildTypeTest"},{"name":"host","value":"fv-az801-550"},{"name":"thread","value":"5863@fv-az801-550.main(1)"},{"name":"framework","value":"testng"},{"name":"language","value":"java"},{"name":"feature","value":"Build type"},{"name":"resultFormat","value":"allure2"}],"parameters":[],"links":[],"hidden":false,"retry":false,"extra":{"severity":"normal","retries":[{"uid":"6eef846b0deeaf3","status":"skipped","statusDetails":"1 expectation failed.\nExpected status code <200> but was <404>.\n","time":{"start":1706539986202,"stop":1706539986314,"duration":112}}],"categories":[{"name":"Product defects","matchedStatuses":[],"flaky":false}],"history":{"statistic":{"failed":2,"broken":0,"skipped":0,"passed":5,"unknown":0,"total":7},"items":[{"uid":"59694c85a35f1c0f","reportUrl":"https://ex-elias.github.io/workshop/47//#testresult/59694c85a35f1c0f","status":"failed","statusDetails":"1 expectation failed.\nExpected status code <200> but was <404>.\n","time":{"start":1706539207695,"stop":1706539207844,"duration":149}},{"uid":"10d7123ffd2de8c5","reportUrl":"https://ex-elias.github.io/workshop/46//#testresult/10d7123ffd2de8c5","status":"passed","time":{"start":1704652667577,"stop":1704652668002,"duration":425}},{"uid":"843f7916ce9454a2","reportUrl":"https://ex-elias.github.io/workshop/45//#testresult/843f7916ce9454a2","status":"passed","time":{"start":1704650490567,"stop":1704650490885,"duration":318}},{"uid":"7682d616c5b65c49","reportUrl":"https://ex-elias.github.io/workshop/44//#testresult/7682d616c5b65c49","status":"passed","time":{"start":1704647474612,"stop":1704647474932,"duration":320}},{"uid":"9b7543ab223a0392","reportUrl":"https://ex-elias.github.io/workshop/43//#testresult/9b7543ab223a0392","status":"passed","time":{"start":1704646046197,"stop":1704646046545,"duration":348}},{"uid":"62a24ee00c03fa00","reportUrl":"https://elias-qa.github.io/workshop/42//#testresult/62a24ee00c03fa00","status":"passed","time":{"start":1704641796487,"stop":1704641797055,"duration":568}}]},"tags":[]},"source":"f5826d3b18952143.json","parameterValues":[]}